2023/05/08 17:07:04 - mmengine - INFO - 
------------------------------------------------------------
System environment:
    sys.platform: linux
    Python: 3.10.10 (main, Mar  5 2023, 22:26:53) [GCC 12.2.1 20230201]
    CUDA available: True
    numpy_random_seed: 1053942566
    GPU 0: NVIDIA GeForce RTX 2070
    CUDA_HOME: /opt/cuda
    NVCC: Cuda compilation tools, release 12.1, V12.1.66
    GCC: gcc (GCC) 12.2.1 20230201
    PyTorch: 2.0.0+cu117
    PyTorch compiling details: PyTorch built with:
  - GCC 9.3
  - C++ Version: 201703
  - Intel(R) oneAPI Math Kernel Library Version 2022.2-Product Build 20220804 for Intel(R) 64 architecture applications
  - Intel(R) MKL-DNN v2.7.3 (Git Hash 6dbeffbae1f23cbbeae17adb7b5b13f1f37c080e)
  - OpenMP 201511 (a.k.a. OpenMP 4.5)
  - LAPACK is enabled (usually provided by MKL)
  - NNPACK is enabled
  - CPU capability usage: AVX2
  - CUDA Runtime 11.7
  - NVCC architecture flags: -gencode;arch=compute_37,code=sm_37;-gencode;arch=compute_50,code=sm_50;-gencode;arch=compute_60,code=sm_60;-gencode;arch=compute_70,code=sm_70;-gencode;arch=compute_75,code=sm_75;-gencode;arch=compute_80,code=sm_80;-gencode;arch=compute_86,code=sm_86
  - CuDNN 8.5
  - Magma 2.6.1
  - Build settings: BLAS_INFO=mkl, BUILD_TYPE=Release, CUDA_VERSION=11.7, CUDNN_VERSION=8.5.0, CXX_COMPILER=/opt/rh/devtoolset-9/root/usr/bin/c++, CXX_FLAGS= -D_GLIBCXX_USE_CXX11_ABI=0 -fabi-version=11 -Wno-deprecated -fvisibility-inlines-hidden -DUSE_PTHREADPOOL -DNDEBUG -DUSE_KINETO -DLIBKINETO_NOROCTRACER -DUSE_FBGEMM -DUSE_QNNPACK -DUSE_PYTORCH_QNNPACK -DUSE_XNNPACK -DSYMBOLICATE_MOBILE_DEBUG_HANDLE -O2 -fPIC -Wall -Wextra -Werror=return-type -Werror=non-virtual-dtor -Werror=bool-operation -Wnarrowing -Wno-missing-field-initializers -Wno-type-limits -Wno-array-bounds -Wno-unknown-pragmas -Wunused-local-typedefs -Wno-unused-parameter -Wno-unused-function -Wno-unused-result -Wno-strict-overflow -Wno-strict-aliasing -Wno-error=deprecated-declarations -Wno-stringop-overflow -Wno-psabi -Wno-error=pedantic -Wno-error=redundant-decls -Wno-error=old-style-cast -fdiagnostics-color=always -faligned-new -Wno-unused-but-set-variable -Wno-maybe-uninitialized -fno-math-errno -fno-trapping-math -Werror=format -Werror=cast-function-type -Wno-stringop-overflow, LAPACK_INFO=mkl, PERF_WITH_AVX=1, PERF_WITH_AVX2=1, PERF_WITH_AVX512=1, TORCH_DISABLE_GPU_ASSERTS=ON, TORCH_VERSION=2.0.0, USE_CUDA=ON, USE_CUDNN=ON, USE_EXCEPTION_PTR=1, USE_GFLAGS=OFF, USE_GLOG=OFF, USE_MKL=ON, USE_MKLDNN=ON, USE_MPI=OFF, USE_NCCL=1, USE_NNPACK=ON, USE_OPENMP=ON, USE_ROCM=OFF, 

    TorchVision: 0.15.1+cu117
    OpenCV: 4.7.0
    MMEngine: 0.7.3

Runtime environment:
    cudnn_benchmark: False
    mp_cfg: {'mp_start_method': 'fork', 'opencv_num_threads': 0}
    dist_cfg: {'backend': 'nccl'}
    seed: None
    Distributed launcher: none
    Distributed training: False
    GPU number: 1
------------------------------------------------------------

2023/05/08 17:07:52 - mmengine - INFO - Config:
custom_imports = dict(imports=['fcenet'], allow_failed_imports=False)
model = dict(
    type='FCENet',
    backbone=dict(
        type='ResNet',
        depth=50,
        num_stages=4,
        out_indices=(1, 2, 3),
        frozen_stages=-1,
        norm_cfg=dict(type='BN', requires_grad=True),
        init_cfg=dict(type='Pretrained', checkpoint='torchvision://resnet50'),
        norm_eval=True,
        style='pytorch',
        dcn=dict(type='DCNv2', deform_groups=2, fallback_on_stride=False),
        stage_with_dcn=(False, True, True, True)),
    neck=dict(
        type='FPN',
        in_channels=[512, 1024, 2048],
        out_channels=256,
        add_extra_convs='on_output',
        num_outs=3,
        relu_before_extra_convs=True,
        act_cfg=None),
    det_head=dict(
        type='FCEHead',
        in_channels=256,
        fourier_degree=5,
        module_loss=dict(
            type='FCEModuleLoss',
            num_sample=50,
            level_proportion_range=((0, 0.25), (0.2, 0.65), (0.55, 1.0))),
        postprocessor=dict(
            type='FCEPostprocessor',
            scales=(8, 16, 32),
            text_repr_type='poly',
            num_reconstr_points=50,
            alpha=1.0,
            beta=2.0,
            score_thr=0.3)),
    data_preprocessor=dict(
        type='TextDetDataPreprocessor',
        mean=[86.65888836888392, 67.92744567921709, 53.78325960605914],
        std=[68.98970994105028, 57.20489382979894, 48.230552014910586],
        bgr_to_rgb=True,
        pad_size_divisor=32))
classes = [
    'ABZ579', 'ABZ13', 'ABZ342', 'ABZ70', 'ABZ461', 'ABZ142', 'ABZ318',
    'ABZ231', 'ABZ1', 'ABZ480', 'ABZ533', 'ABZ449', 'ABZ75', 'ABZ354', 'ABZ61',
    'ABZ597', 'ABZ536', 'ABZ139', 'ABZ381', 'ABZ308', 'ABZ86', 'ABZ328',
    'ABZ330', 'ABZ69', 'ABZ214', 'ABZ73', 'ABZ545', 'ABZ15', 'ABZ295',
    'ABZ296', 'ABZ151', 'ABZ55', 'ABZ335', 'ABZ537', 'ABZ371', 'ABZ68',
    'ABZ457', 'ABZ84', 'ABZ366', 'ABZ5', 'ABZ353', 'ABZ396', 'ABZ411',
    'ABZ206', 'ABZ58', 'ABZ324', 'ABZ99', 'ABZ376', 'ABZ532', 'ABZ384',
    'ABZ334', 'ABZ383', 'ABZ74', 'ABZ59', 'ABZ343', 'ABZ145', 'ABZ589',
    'ABZ586', 'ABZ211', 'ABZ212', 'ABZ399', 'ABZ7', 'ABZ367', 'ABZ78',
    'ABZ115', 'ABZ322', 'ABZ207', 'ABZ38', 'ABZ319', 'ABZ144', 'ABZ85',
    'ABZ97', 'ABZ112', 'ABZ60', 'ABZ79', 'ABZ427', 'ABZ232', 'ABZ80', 'ABZ167',
    'ABZ312', 'ABZ535', 'ABZ52', 'ABZ172', 'ABZ331', 'ABZ554', 'ABZ314',
    'ABZ128', 'ABZ142a', 'ABZ12', 'ABZ331e+152i', 'ABZ401', 'ABZ147', 'ABZ440',
    'ABZ6', 'ABZ575', 'ABZ570', 'ABZ134', 'ABZ465', 'ABZ230', 'ABZ306',
    'ABZ148', 'ABZ339', 'ABZ397', 'ABZ472', 'ABZ441', 'ABZ412', 'ABZ104',
    'ABZ595', 'ABZ455', 'ABZ313', 'ABZ298', 'ABZ62', 'ABZ101', 'ABZ393',
    'ABZ483', 'ABZ471', 'ABZ111', 'ABZ87', 'ABZ538', 'ABZ468', 'ABZ138',
    'ABZ565', 'ABZ152', 'ABZ406', 'ABZ72', 'ABZ205', 'ABZ126', 'ABZ2', 'ABZ50',
    'ABZ94', 'ABZ529', 'ABZ307', 'ABZ143', 'ABZ124', 'ABZ164', 'ABZ559',
    'ABZ437', 'ABZ9', 'ABZ398', 'ABZ131'
]
metainfo = dict(
    classes=[
        'ABZ579', 'ABZ13', 'ABZ342', 'ABZ70', 'ABZ461', 'ABZ142', 'ABZ318',
        'ABZ231', 'ABZ1', 'ABZ480', 'ABZ533', 'ABZ449', 'ABZ75', 'ABZ354',
        'ABZ61', 'ABZ597', 'ABZ536', 'ABZ139', 'ABZ381', 'ABZ308', 'ABZ86',
        'ABZ328', 'ABZ330', 'ABZ69', 'ABZ214', 'ABZ73', 'ABZ545', 'ABZ15',
        'ABZ295', 'ABZ296', 'ABZ151', 'ABZ55', 'ABZ335', 'ABZ537', 'ABZ371',
        'ABZ68', 'ABZ457', 'ABZ84', 'ABZ366', 'ABZ5', 'ABZ353', 'ABZ396',
        'ABZ411', 'ABZ206', 'ABZ58', 'ABZ324', 'ABZ99', 'ABZ376', 'ABZ532',
        'ABZ384', 'ABZ334', 'ABZ383', 'ABZ74', 'ABZ59', 'ABZ343', 'ABZ145',
        'ABZ589', 'ABZ586', 'ABZ211', 'ABZ212', 'ABZ399', 'ABZ7', 'ABZ367',
        'ABZ78', 'ABZ115', 'ABZ322', 'ABZ207', 'ABZ38', 'ABZ319', 'ABZ144',
        'ABZ85', 'ABZ97', 'ABZ112', 'ABZ60', 'ABZ79', 'ABZ427', 'ABZ232',
        'ABZ80', 'ABZ167', 'ABZ312', 'ABZ535', 'ABZ52', 'ABZ172', 'ABZ331',
        'ABZ554', 'ABZ314', 'ABZ128', 'ABZ142a', 'ABZ12', 'ABZ331e+152i',
        'ABZ401', 'ABZ147', 'ABZ440', 'ABZ6', 'ABZ575', 'ABZ570', 'ABZ134',
        'ABZ465', 'ABZ230', 'ABZ306', 'ABZ148', 'ABZ339', 'ABZ397', 'ABZ472',
        'ABZ441', 'ABZ412', 'ABZ104', 'ABZ595', 'ABZ455', 'ABZ313', 'ABZ298',
        'ABZ62', 'ABZ101', 'ABZ393', 'ABZ483', 'ABZ471', 'ABZ111', 'ABZ87',
        'ABZ538', 'ABZ468', 'ABZ138', 'ABZ565', 'ABZ152', 'ABZ406', 'ABZ72',
        'ABZ205', 'ABZ126', 'ABZ2', 'ABZ50', 'ABZ94', 'ABZ529', 'ABZ307',
        'ABZ143', 'ABZ124', 'ABZ164', 'ABZ559', 'ABZ437', 'ABZ9', 'ABZ398',
        'ABZ131'
    ],
    palette=[(220, 20, 60), (220, 20, 60), (220, 20, 60), (220, 20, 60),
             (220, 20, 60), (220, 20, 60), (220, 20, 60), (220, 20, 60),
             (220, 20, 60), (220, 20, 60), (220, 20, 60), (220, 20, 60),
             (220, 20, 60), (220, 20, 60), (220, 20, 60), (220, 20, 60),
             (220, 20, 60), (220, 20, 60), (220, 20, 60), (220, 20, 60),
             (220, 20, 60), (220, 20, 60), (220, 20, 60), (220, 20, 60),
             (220, 20, 60), (220, 20, 60), (220, 20, 60), (220, 20, 60),
             (220, 20, 60), (220, 20, 60), (220, 20, 60), (220, 20, 60),
             (220, 20, 60), (220, 20, 60), (220, 20, 60), (220, 20, 60),
             (220, 20, 60), (220, 20, 60), (220, 20, 60), (220, 20, 60),
             (220, 20, 60), (220, 20, 60), (220, 20, 60), (220, 20, 60),
             (220, 20, 60), (220, 20, 60), (220, 20, 60), (220, 20, 60),
             (220, 20, 60), (220, 20, 60), (220, 20, 60), (220, 20, 60),
             (220, 20, 60), (220, 20, 60), (220, 20, 60), (220, 20, 60),
             (220, 20, 60), (220, 20, 60), (220, 20, 60), (220, 20, 60),
             (220, 20, 60), (220, 20, 60), (220, 20, 60), (220, 20, 60),
             (220, 20, 60), (220, 20, 60), (220, 20, 60), (220, 20, 60),
             (220, 20, 60), (220, 20, 60), (220, 20, 60), (220, 20, 60),
             (220, 20, 60), (220, 20, 60), (220, 20, 60), (220, 20, 60),
             (220, 20, 60), (220, 20, 60), (220, 20, 60), (220, 20, 60),
             (220, 20, 60), (220, 20, 60), (220, 20, 60), (220, 20, 60),
             (220, 20, 60), (220, 20, 60), (220, 20, 60), (220, 20, 60),
             (220, 20, 60), (220, 20, 60), (220, 20, 60), (220, 20, 60),
             (220, 20, 60), (220, 20, 60), (220, 20, 60), (220, 20, 60),
             (220, 20, 60), (220, 20, 60), (220, 20, 60), (220, 20, 60),
             (220, 20, 60), (220, 20, 60), (220, 20, 60), (220, 20, 60),
             (220, 20, 60), (220, 20, 60), (220, 20, 60), (220, 20, 60),
             (220, 20, 60), (220, 20, 60), (220, 20, 60), (220, 20, 60),
             (220, 20, 60), (220, 20, 60), (220, 20, 60), (220, 20, 60),
             (220, 20, 60), (220, 20, 60), (220, 20, 60), (220, 20, 60),
             (220, 20, 60), (220, 20, 60), (220, 20, 60), (220, 20, 60),
             (220, 20, 60), (220, 20, 60), (220, 20, 60), (220, 20, 60),
             (220, 20, 60), (220, 20, 60), (220, 20, 60), (220, 20, 60),
             (220, 20, 60), (220, 20, 60), (220, 20, 60), (220, 20, 60),
             (220, 20, 60), (220, 20, 60), (220, 20, 60), (220, 20, 60)])
dataset_type = 'CocoDataset'
data_root = 'data/coco/'
file_client_args = dict(backend='disk')
train_pipeline = [
    dict(type='LoadImageFromFile', file_client_args=dict(backend='disk')),
    dict(type='LoadAnnotations', with_bbox=True, with_mask=True),
    dict(type='Resize', scale=(1333, 800), keep_ratio=True),
    dict(type='RandomFlip', prob=0.5),
    dict(type='PackDetInputs')
]
test_pipeline = [
    dict(
        type='LoadImageFromFile',
        file_client_args=dict(backend='disk'),
        color_type='color_ignore_orientation'),
    dict(type='Resize', scale=(2260, 2260), keep_ratio=True),
    dict(type='LoadAnnotations', with_bbox=True, with_mask=True),
    dict(
        type='PackDetInputs',
        meta_keys=('img_id', 'img_path', 'ori_shape', 'img_shape',
                   'scale_factor'))
]
train_dataloader = dict(
    batch_size=2,
    num_workers=2,
    persistent_workers=True,
    sampler=dict(type='DefaultSampler', shuffle=True),
    batch_sampler=dict(type='AspectRatioBatchSampler'),
    dataset=dict(
        type='CocoDataset',
        metainfo=dict(
            classes=[
                'ABZ579', 'ABZ13', 'ABZ342', 'ABZ70', 'ABZ461', 'ABZ142',
                'ABZ318', 'ABZ231', 'ABZ1', 'ABZ480', 'ABZ533', 'ABZ449',
                'ABZ75', 'ABZ354', 'ABZ61', 'ABZ597', 'ABZ536', 'ABZ139',
                'ABZ381', 'ABZ308', 'ABZ86', 'ABZ328', 'ABZ330', 'ABZ69',
                'ABZ214', 'ABZ73', 'ABZ545', 'ABZ15', 'ABZ295', 'ABZ296',
                'ABZ151', 'ABZ55', 'ABZ335', 'ABZ537', 'ABZ371', 'ABZ68',
                'ABZ457', 'ABZ84', 'ABZ366', 'ABZ5', 'ABZ353', 'ABZ396',
                'ABZ411', 'ABZ206', 'ABZ58', 'ABZ324', 'ABZ99', 'ABZ376',
                'ABZ532', 'ABZ384', 'ABZ334', 'ABZ383', 'ABZ74', 'ABZ59',
                'ABZ343', 'ABZ145', 'ABZ589', 'ABZ586', 'ABZ211', 'ABZ212',
                'ABZ399', 'ABZ7', 'ABZ367', 'ABZ78', 'ABZ115', 'ABZ322',
                'ABZ207', 'ABZ38', 'ABZ319', 'ABZ144', 'ABZ85', 'ABZ97',
                'ABZ112', 'ABZ60', 'ABZ79', 'ABZ427', 'ABZ232', 'ABZ80',
                'ABZ167', 'ABZ312', 'ABZ535', 'ABZ52', 'ABZ172', 'ABZ331',
                'ABZ554', 'ABZ314', 'ABZ128', 'ABZ142a', 'ABZ12',
                'ABZ331e+152i', 'ABZ401', 'ABZ147', 'ABZ440', 'ABZ6', 'ABZ575',
                'ABZ570', 'ABZ134', 'ABZ465', 'ABZ230', 'ABZ306', 'ABZ148',
                'ABZ339', 'ABZ397', 'ABZ472', 'ABZ441', 'ABZ412', 'ABZ104',
                'ABZ595', 'ABZ455', 'ABZ313', 'ABZ298', 'ABZ62', 'ABZ101',
                'ABZ393', 'ABZ483', 'ABZ471', 'ABZ111', 'ABZ87', 'ABZ538',
                'ABZ468', 'ABZ138', 'ABZ565', 'ABZ152', 'ABZ406', 'ABZ72',
                'ABZ205', 'ABZ126', 'ABZ2', 'ABZ50', 'ABZ94', 'ABZ529',
                'ABZ307', 'ABZ143', 'ABZ124', 'ABZ164', 'ABZ559', 'ABZ437',
                'ABZ9', 'ABZ398', 'ABZ131'
            ],
            palette=[
                (220, 20, 60), (220, 20, 60), (220, 20, 60), (220, 20, 60),
                (220, 20, 60), (220, 20, 60), (220, 20, 60), (220, 20, 60),
                (220, 20, 60), (220, 20, 60), (220, 20, 60), (220, 20, 60),
                (220, 20, 60), (220, 20, 60), (220, 20, 60), (220, 20, 60),
                (220, 20, 60), (220, 20, 60), (220, 20, 60), (220, 20, 60),
                (220, 20, 60), (220, 20, 60), (220, 20, 60), (220, 20, 60),
                (220, 20, 60), (220, 20, 60), (220, 20, 60), (220, 20, 60),
                (220, 20, 60), (220, 20, 60), (220, 20, 60), (220, 20, 60),
                (220, 20, 60), (220, 20, 60), (220, 20, 60), (220, 20, 60),
                (220, 20, 60), (220, 20, 60), (220, 20, 60), (220, 20, 60),
                (220, 20, 60), (220, 20, 60), (220, 20, 60), (220, 20, 60),
                (220, 20, 60), (220, 20, 60), (220, 20, 60), (220, 20, 60),
                (220, 20, 60), (220, 20, 60), (220, 20, 60), (220, 20, 60),
                (220, 20, 60), (220, 20, 60), (220, 20, 60), (220, 20, 60),
                (220, 20, 60), (220, 20, 60), (220, 20, 60), (220, 20, 60),
                (220, 20, 60), (220, 20, 60), (220, 20, 60), (220, 20, 60),
                (220, 20, 60), (220, 20, 60), (220, 20, 60), (220, 20, 60),
                (220, 20, 60), (220, 20, 60), (220, 20, 60), (220, 20, 60),
                (220, 20, 60), (220, 20, 60), (220, 20, 60), (220, 20, 60),
                (220, 20, 60), (220, 20, 60), (220, 20, 60), (220, 20, 60),
                (220, 20, 60), (220, 20, 60), (220, 20, 60), (220, 20, 60),
                (220, 20, 60), (220, 20, 60), (220, 20, 60), (220, 20, 60),
                (220, 20, 60), (220, 20, 60), (220, 20, 60), (220, 20, 60),
                (220, 20, 60), (220, 20, 60), (220, 20, 60), (220, 20, 60),
                (220, 20, 60), (220, 20, 60), (220, 20, 60), (220, 20, 60),
                (220, 20, 60), (220, 20, 60), (220, 20, 60), (220, 20, 60),
                (220, 20, 60), (220, 20, 60), (220, 20, 60), (220, 20, 60),
                (220, 20, 60), (220, 20, 60), (220, 20, 60), (220, 20, 60),
                (220, 20, 60), (220, 20, 60), (220, 20, 60), (220, 20, 60),
                (220, 20, 60), (220, 20, 60), (220, 20, 60), (220, 20, 60),
                (220, 20, 60), (220, 20, 60), (220, 20, 60), (220, 20, 60),
                (220, 20, 60), (220, 20, 60), (220, 20, 60), (220, 20, 60),
                (220, 20, 60), (220, 20, 60), (220, 20, 60), (220, 20, 60),
                (220, 20, 60), (220, 20, 60), (220, 20, 60), (220, 20, 60),
                (220, 20, 60), (220, 20, 60), (220, 20, 60), (220, 20, 60)
            ]),
        data_root='data/coco/',
        ann_file='annotations/instances_train2017.json',
        data_prefix=dict(img='train2017/'),
        filter_cfg=dict(filter_empty_gt=True, min_size=32),
        pipeline=[
            dict(
                type='LoadImageFromFile',
                file_client_args=dict(backend='disk')),
            dict(type='LoadAnnotations', with_bbox=True, with_mask=True),
            dict(type='Resize', scale=(1333, 800), keep_ratio=True),
            dict(type='RandomFlip', prob=0.5),
            dict(type='PackDetInputs')
        ]))
val_dataloader = dict(
    batch_size=1,
    num_workers=2,
    persistent_workers=True,
    drop_last=False,
    sampler=dict(type='DefaultSampler', shuffle=False),
    dataset=dict(
        type='CocoDataset',
        metainfo=dict(
            classes=[
                'ABZ579', 'ABZ13', 'ABZ342', 'ABZ70', 'ABZ461', 'ABZ142',
                'ABZ318', 'ABZ231', 'ABZ1', 'ABZ480', 'ABZ533', 'ABZ449',
                'ABZ75', 'ABZ354', 'ABZ61', 'ABZ597', 'ABZ536', 'ABZ139',
                'ABZ381', 'ABZ308', 'ABZ86', 'ABZ328', 'ABZ330', 'ABZ69',
                'ABZ214', 'ABZ73', 'ABZ545', 'ABZ15', 'ABZ295', 'ABZ296',
                'ABZ151', 'ABZ55', 'ABZ335', 'ABZ537', 'ABZ371', 'ABZ68',
                'ABZ457', 'ABZ84', 'ABZ366', 'ABZ5', 'ABZ353', 'ABZ396',
                'ABZ411', 'ABZ206', 'ABZ58', 'ABZ324', 'ABZ99', 'ABZ376',
                'ABZ532', 'ABZ384', 'ABZ334', 'ABZ383', 'ABZ74', 'ABZ59',
                'ABZ343', 'ABZ145', 'ABZ589', 'ABZ586', 'ABZ211', 'ABZ212',
                'ABZ399', 'ABZ7', 'ABZ367', 'ABZ78', 'ABZ115', 'ABZ322',
                'ABZ207', 'ABZ38', 'ABZ319', 'ABZ144', 'ABZ85', 'ABZ97',
                'ABZ112', 'ABZ60', 'ABZ79', 'ABZ427', 'ABZ232', 'ABZ80',
                'ABZ167', 'ABZ312', 'ABZ535', 'ABZ52', 'ABZ172', 'ABZ331',
                'ABZ554', 'ABZ314', 'ABZ128', 'ABZ142a', 'ABZ12',
                'ABZ331e+152i', 'ABZ401', 'ABZ147', 'ABZ440', 'ABZ6', 'ABZ575',
                'ABZ570', 'ABZ134', 'ABZ465', 'ABZ230', 'ABZ306', 'ABZ148',
                'ABZ339', 'ABZ397', 'ABZ472', 'ABZ441', 'ABZ412', 'ABZ104',
                'ABZ595', 'ABZ455', 'ABZ313', 'ABZ298', 'ABZ62', 'ABZ101',
                'ABZ393', 'ABZ483', 'ABZ471', 'ABZ111', 'ABZ87', 'ABZ538',
                'ABZ468', 'ABZ138', 'ABZ565', 'ABZ152', 'ABZ406', 'ABZ72',
                'ABZ205', 'ABZ126', 'ABZ2', 'ABZ50', 'ABZ94', 'ABZ529',
                'ABZ307', 'ABZ143', 'ABZ124', 'ABZ164', 'ABZ559', 'ABZ437',
                'ABZ9', 'ABZ398', 'ABZ131'
            ],
            palette=[
                (220, 20, 60), (220, 20, 60), (220, 20, 60), (220, 20, 60),
                (220, 20, 60), (220, 20, 60), (220, 20, 60), (220, 20, 60),
                (220, 20, 60), (220, 20, 60), (220, 20, 60), (220, 20, 60),
                (220, 20, 60), (220, 20, 60), (220, 20, 60), (220, 20, 60),
                (220, 20, 60), (220, 20, 60), (220, 20, 60), (220, 20, 60),
                (220, 20, 60), (220, 20, 60), (220, 20, 60), (220, 20, 60),
                (220, 20, 60), (220, 20, 60), (220, 20, 60), (220, 20, 60),
                (220, 20, 60), (220, 20, 60), (220, 20, 60), (220, 20, 60),
                (220, 20, 60), (220, 20, 60), (220, 20, 60), (220, 20, 60),
                (220, 20, 60), (220, 20, 60), (220, 20, 60), (220, 20, 60),
                (220, 20, 60), (220, 20, 60), (220, 20, 60), (220, 20, 60),
                (220, 20, 60), (220, 20, 60), (220, 20, 60), (220, 20, 60),
                (220, 20, 60), (220, 20, 60), (220, 20, 60), (220, 20, 60),
                (220, 20, 60), (220, 20, 60), (220, 20, 60), (220, 20, 60),
                (220, 20, 60), (220, 20, 60), (220, 20, 60), (220, 20, 60),
                (220, 20, 60), (220, 20, 60), (220, 20, 60), (220, 20, 60),
                (220, 20, 60), (220, 20, 60), (220, 20, 60), (220, 20, 60),
                (220, 20, 60), (220, 20, 60), (220, 20, 60), (220, 20, 60),
                (220, 20, 60), (220, 20, 60), (220, 20, 60), (220, 20, 60),
                (220, 20, 60), (220, 20, 60), (220, 20, 60), (220, 20, 60),
                (220, 20, 60), (220, 20, 60), (220, 20, 60), (220, 20, 60),
                (220, 20, 60), (220, 20, 60), (220, 20, 60), (220, 20, 60),
                (220, 20, 60), (220, 20, 60), (220, 20, 60), (220, 20, 60),
                (220, 20, 60), (220, 20, 60), (220, 20, 60), (220, 20, 60),
                (220, 20, 60), (220, 20, 60), (220, 20, 60), (220, 20, 60),
                (220, 20, 60), (220, 20, 60), (220, 20, 60), (220, 20, 60),
                (220, 20, 60), (220, 20, 60), (220, 20, 60), (220, 20, 60),
                (220, 20, 60), (220, 20, 60), (220, 20, 60), (220, 20, 60),
                (220, 20, 60), (220, 20, 60), (220, 20, 60), (220, 20, 60),
                (220, 20, 60), (220, 20, 60), (220, 20, 60), (220, 20, 60),
                (220, 20, 60), (220, 20, 60), (220, 20, 60), (220, 20, 60),
                (220, 20, 60), (220, 20, 60), (220, 20, 60), (220, 20, 60),
                (220, 20, 60), (220, 20, 60), (220, 20, 60), (220, 20, 60),
                (220, 20, 60), (220, 20, 60), (220, 20, 60), (220, 20, 60),
                (220, 20, 60), (220, 20, 60), (220, 20, 60), (220, 20, 60)
            ]),
        data_root='data/coco/',
        ann_file='annotations/instances_val2017.json',
        data_prefix=dict(img='val2017/'),
        test_mode=True,
        pipeline=[
            dict(
                type='LoadImageFromFile',
                file_client_args=dict(backend='disk'),
                color_type='color_ignore_orientation'),
            dict(type='Resize', scale=(2260, 2260), keep_ratio=True),
            dict(type='LoadAnnotations', with_bbox=True, with_mask=False),
            dict(
                type='PackDetInputs',
                meta_keys=('img_id', 'img_path', 'ori_shape', 'img_shape',
                           'scale_factor'))
        ]))
test_dataloader = dict(
    batch_size=1,
    num_workers=2,
    persistent_workers=True,
    drop_last=False,
    sampler=dict(type='DefaultSampler', shuffle=False),
    dataset=dict(
        type='CocoDataset',
        metainfo=dict(
            classes=[
                'ABZ579', 'ABZ13', 'ABZ342', 'ABZ70', 'ABZ461', 'ABZ142',
                'ABZ318', 'ABZ231', 'ABZ1', 'ABZ480', 'ABZ533', 'ABZ449',
                'ABZ75', 'ABZ354', 'ABZ61', 'ABZ597', 'ABZ536', 'ABZ139',
                'ABZ381', 'ABZ308', 'ABZ86', 'ABZ328', 'ABZ330', 'ABZ69',
                'ABZ214', 'ABZ73', 'ABZ545', 'ABZ15', 'ABZ295', 'ABZ296',
                'ABZ151', 'ABZ55', 'ABZ335', 'ABZ537', 'ABZ371', 'ABZ68',
                'ABZ457', 'ABZ84', 'ABZ366', 'ABZ5', 'ABZ353', 'ABZ396',
                'ABZ411', 'ABZ206', 'ABZ58', 'ABZ324', 'ABZ99', 'ABZ376',
                'ABZ532', 'ABZ384', 'ABZ334', 'ABZ383', 'ABZ74', 'ABZ59',
                'ABZ343', 'ABZ145', 'ABZ589', 'ABZ586', 'ABZ211', 'ABZ212',
                'ABZ399', 'ABZ7', 'ABZ367', 'ABZ78', 'ABZ115', 'ABZ322',
                'ABZ207', 'ABZ38', 'ABZ319', 'ABZ144', 'ABZ85', 'ABZ97',
                'ABZ112', 'ABZ60', 'ABZ79', 'ABZ427', 'ABZ232', 'ABZ80',
                'ABZ167', 'ABZ312', 'ABZ535', 'ABZ52', 'ABZ172', 'ABZ331',
                'ABZ554', 'ABZ314', 'ABZ128', 'ABZ142a', 'ABZ12',
                'ABZ331e+152i', 'ABZ401', 'ABZ147', 'ABZ440', 'ABZ6', 'ABZ575',
                'ABZ570', 'ABZ134', 'ABZ465', 'ABZ230', 'ABZ306', 'ABZ148',
                'ABZ339', 'ABZ397', 'ABZ472', 'ABZ441', 'ABZ412', 'ABZ104',
                'ABZ595', 'ABZ455', 'ABZ313', 'ABZ298', 'ABZ62', 'ABZ101',
                'ABZ393', 'ABZ483', 'ABZ471', 'ABZ111', 'ABZ87', 'ABZ538',
                'ABZ468', 'ABZ138', 'ABZ565', 'ABZ152', 'ABZ406', 'ABZ72',
                'ABZ205', 'ABZ126', 'ABZ2', 'ABZ50', 'ABZ94', 'ABZ529',
                'ABZ307', 'ABZ143', 'ABZ124', 'ABZ164', 'ABZ559', 'ABZ437',
                'ABZ9', 'ABZ398', 'ABZ131'
            ],
            palette=[
                (220, 20, 60), (220, 20, 60), (220, 20, 60), (220, 20, 60),
                (220, 20, 60), (220, 20, 60), (220, 20, 60), (220, 20, 60),
                (220, 20, 60), (220, 20, 60), (220, 20, 60), (220, 20, 60),
                (220, 20, 60), (220, 20, 60), (220, 20, 60), (220, 20, 60),
                (220, 20, 60), (220, 20, 60), (220, 20, 60), (220, 20, 60),
                (220, 20, 60), (220, 20, 60), (220, 20, 60), (220, 20, 60),
                (220, 20, 60), (220, 20, 60), (220, 20, 60), (220, 20, 60),
                (220, 20, 60), (220, 20, 60), (220, 20, 60), (220, 20, 60),
                (220, 20, 60), (220, 20, 60), (220, 20, 60), (220, 20, 60),
                (220, 20, 60), (220, 20, 60), (220, 20, 60), (220, 20, 60),
                (220, 20, 60), (220, 20, 60), (220, 20, 60), (220, 20, 60),
                (220, 20, 60), (220, 20, 60), (220, 20, 60), (220, 20, 60),
                (220, 20, 60), (220, 20, 60), (220, 20, 60), (220, 20, 60),
                (220, 20, 60), (220, 20, 60), (220, 20, 60), (220, 20, 60),
                (220, 20, 60), (220, 20, 60), (220, 20, 60), (220, 20, 60),
                (220, 20, 60), (220, 20, 60), (220, 20, 60), (220, 20, 60),
                (220, 20, 60), (220, 20, 60), (220, 20, 60), (220, 20, 60),
                (220, 20, 60), (220, 20, 60), (220, 20, 60), (220, 20, 60),
                (220, 20, 60), (220, 20, 60), (220, 20, 60), (220, 20, 60),
                (220, 20, 60), (220, 20, 60), (220, 20, 60), (220, 20, 60),
                (220, 20, 60), (220, 20, 60), (220, 20, 60), (220, 20, 60),
                (220, 20, 60), (220, 20, 60), (220, 20, 60), (220, 20, 60),
                (220, 20, 60), (220, 20, 60), (220, 20, 60), (220, 20, 60),
                (220, 20, 60), (220, 20, 60), (220, 20, 60), (220, 20, 60),
                (220, 20, 60), (220, 20, 60), (220, 20, 60), (220, 20, 60),
                (220, 20, 60), (220, 20, 60), (220, 20, 60), (220, 20, 60),
                (220, 20, 60), (220, 20, 60), (220, 20, 60), (220, 20, 60),
                (220, 20, 60), (220, 20, 60), (220, 20, 60), (220, 20, 60),
                (220, 20, 60), (220, 20, 60), (220, 20, 60), (220, 20, 60),
                (220, 20, 60), (220, 20, 60), (220, 20, 60), (220, 20, 60),
                (220, 20, 60), (220, 20, 60), (220, 20, 60), (220, 20, 60),
                (220, 20, 60), (220, 20, 60), (220, 20, 60), (220, 20, 60),
                (220, 20, 60), (220, 20, 60), (220, 20, 60), (220, 20, 60),
                (220, 20, 60), (220, 20, 60), (220, 20, 60), (220, 20, 60),
                (220, 20, 60), (220, 20, 60), (220, 20, 60), (220, 20, 60)
            ]),
        data_root='data/coco/',
        ann_file='annotations/instances_val2017.json',
        data_prefix=dict(img='val2017/'),
        test_mode=True,
        pipeline=[
            dict(
                type='LoadImageFromFile',
                file_client_args=dict(backend='disk'),
                color_type='color_ignore_orientation'),
            dict(type='Resize', scale=(2260, 2260), keep_ratio=True),
            dict(type='LoadAnnotations', with_bbox=True, with_mask=False),
            dict(
                type='PackDetInputs',
                meta_keys=('img_id', 'img_path', 'ori_shape', 'img_shape',
                           'scale_factor'))
        ]))
val_evaluator = dict(type='VOCMetric', iou_thrs=0.5)
test_evaluator = dict(type='VOCMetric', iou_thrs=0.5)
train_cfg = dict(type='EpochBasedTrainLoop', max_epochs=12, val_interval=1)
val_cfg = dict(type='ValLoop')
test_cfg = dict(type='TestLoop')
param_scheduler = [
    dict(
        type='LinearLR', start_factor=0.001, by_epoch=False, begin=0, end=500),
    dict(
        type='MultiStepLR',
        begin=0,
        end=12,
        by_epoch=True,
        milestones=[8, 11],
        gamma=0.1)
]
optim_wrapper = dict(
    type='OptimWrapper',
    optimizer=dict(type='SGD', lr=0.02, momentum=0.9, weight_decay=0.0001))
auto_scale_lr = dict(enable=False, base_batch_size=16)
default_scope = 'mmdet'
default_hooks = dict(
    timer=dict(type='IterTimerHook'),
    logger=dict(type='LoggerHook', interval=50),
    param_scheduler=dict(type='ParamSchedulerHook'),
    checkpoint=dict(type='CheckpointHook', interval=1),
    sampler_seed=dict(type='DistSamplerSeedHook'),
    visualization=dict(type='DetVisualizationHook', draw=True, show=True))
env_cfg = dict(
    cudnn_benchmark=False,
    mp_cfg=dict(mp_start_method='fork', opencv_num_threads=0),
    dist_cfg=dict(backend='nccl'))
vis_backends = [dict(type='LocalVisBackend')]
visualizer = dict(
    type='DetLocalVisualizer',
    vis_backends=[dict(type='LocalVisBackend')],
    name='visualizer')
log_processor = dict(type='LogProcessor', window_size=50, by_epoch=True)
log_level = 'INFO'
load_from = 'checkpoints/cross_even_tiniier/fcenet/epoch_800.pth'
resume = False
launcher = 'none'
work_dir = './work_dirs/mask-rcnn_r50_fpn_1x_coco'

2023/05/08 17:08:41 - mmengine - INFO - Distributed training is not used, all SyncBatchNorm (SyncBN) layers in the model will be automatically reverted to BatchNormXd layers if they are used.
2023/05/08 17:08:41 - mmengine - INFO - Hooks will be executed in the following order:
before_run:
(VERY_HIGH   ) RuntimeInfoHook                    
(BELOW_NORMAL) LoggerHook                         
 -------------------- 
before_train:
(VERY_HIGH   ) RuntimeInfoHook                    
(NORMAL      ) IterTimerHook                      
(VERY_LOW    ) CheckpointHook                     
 -------------------- 
before_train_epoch:
(VERY_HIGH   ) RuntimeInfoHook                    
(NORMAL      ) IterTimerHook                      
(NORMAL      ) DistSamplerSeedHook                
 -------------------- 
before_train_iter:
(VERY_HIGH   ) RuntimeInfoHook                    
(NORMAL      ) IterTimerHook                      
 -------------------- 
after_train_iter:
(VERY_HIGH   ) RuntimeInfoHook                    
(NORMAL      ) IterTimerHook                      
(BELOW_NORMAL) LoggerHook                         
(LOW         ) ParamSchedulerHook                 
(VERY_LOW    ) CheckpointHook                     
 -------------------- 
after_train_epoch:
(NORMAL      ) IterTimerHook                      
(LOW         ) ParamSchedulerHook                 
(VERY_LOW    ) CheckpointHook                     
 -------------------- 
before_val_epoch:
(NORMAL      ) IterTimerHook                      
 -------------------- 
before_val_iter:
(NORMAL      ) IterTimerHook                      
 -------------------- 
after_val_iter:
(NORMAL      ) IterTimerHook                      
(NORMAL      ) DetVisualizationHook               
(BELOW_NORMAL) LoggerHook                         
 -------------------- 
after_val_epoch:
(VERY_HIGH   ) RuntimeInfoHook                    
(NORMAL      ) IterTimerHook                      
(BELOW_NORMAL) LoggerHook                         
(LOW         ) ParamSchedulerHook                 
(VERY_LOW    ) CheckpointHook                     
 -------------------- 
after_train:
(VERY_LOW    ) CheckpointHook                     
 -------------------- 
before_test_epoch:
(NORMAL      ) IterTimerHook                      
 -------------------- 
before_test_iter:
(NORMAL      ) IterTimerHook                      
 -------------------- 
after_test_iter:
(NORMAL      ) IterTimerHook                      
(NORMAL      ) DetVisualizationHook               
(BELOW_NORMAL) LoggerHook                         
 -------------------- 
after_test_epoch:
(VERY_HIGH   ) RuntimeInfoHook                    
(NORMAL      ) IterTimerHook                      
(BELOW_NORMAL) LoggerHook                         
 -------------------- 
after_run:
(BELOW_NORMAL) LoggerHook                         
 -------------------- 
2023/05/08 17:09:29 - mmengine - INFO - ModulatedDeformConvPack backbone.layer2.0.conv2 is upgraded to version 2.
2023/05/08 17:09:29 - mmengine - INFO - ModulatedDeformConvPack backbone.layer2.1.conv2 is upgraded to version 2.
2023/05/08 17:09:29 - mmengine - INFO - ModulatedDeformConvPack backbone.layer2.2.conv2 is upgraded to version 2.
2023/05/08 17:09:29 - mmengine - INFO - ModulatedDeformConvPack backbone.layer2.3.conv2 is upgraded to version 2.
2023/05/08 17:09:29 - mmengine - INFO - ModulatedDeformConvPack backbone.layer3.0.conv2 is upgraded to version 2.
2023/05/08 17:09:29 - mmengine - INFO - ModulatedDeformConvPack backbone.layer3.1.conv2 is upgraded to version 2.
2023/05/08 17:09:29 - mmengine - INFO - ModulatedDeformConvPack backbone.layer3.2.conv2 is upgraded to version 2.
2023/05/08 17:09:29 - mmengine - INFO - ModulatedDeformConvPack backbone.layer3.3.conv2 is upgraded to version 2.
2023/05/08 17:09:29 - mmengine - INFO - ModulatedDeformConvPack backbone.layer3.4.conv2 is upgraded to version 2.
2023/05/08 17:09:29 - mmengine - INFO - ModulatedDeformConvPack backbone.layer3.5.conv2 is upgraded to version 2.
2023/05/08 17:09:29 - mmengine - INFO - ModulatedDeformConvPack backbone.layer4.0.conv2 is upgraded to version 2.
2023/05/08 17:09:29 - mmengine - INFO - ModulatedDeformConvPack backbone.layer4.1.conv2 is upgraded to version 2.
2023/05/08 17:09:29 - mmengine - INFO - ModulatedDeformConvPack backbone.layer4.2.conv2 is upgraded to version 2.
2023/05/08 17:09:29 - mmengine - INFO - Load checkpoint from checkpoints/cross_even_tiniier/fcenet/epoch_800.pth
