2023/05/08 19:08:12 - mmengine - INFO - 
------------------------------------------------------------
System environment:
    sys.platform: linux
    Python: 3.10.10 (main, Mar  5 2023, 22:26:53) [GCC 12.2.1 20230201]
    CUDA available: True
    numpy_random_seed: 1532548994
    GPU 0: NVIDIA GeForce RTX 2070
    CUDA_HOME: /opt/cuda
    NVCC: Cuda compilation tools, release 12.1, V12.1.66
    GCC: gcc (GCC) 12.2.1 20230201
    PyTorch: 2.0.0+cu117
    PyTorch compiling details: PyTorch built with:
  - GCC 9.3
  - C++ Version: 201703
  - Intel(R) oneAPI Math Kernel Library Version 2022.2-Product Build 20220804 for Intel(R) 64 architecture applications
  - Intel(R) MKL-DNN v2.7.3 (Git Hash 6dbeffbae1f23cbbeae17adb7b5b13f1f37c080e)
  - OpenMP 201511 (a.k.a. OpenMP 4.5)
  - LAPACK is enabled (usually provided by MKL)
  - NNPACK is enabled
  - CPU capability usage: AVX2
  - CUDA Runtime 11.7
  - NVCC architecture flags: -gencode;arch=compute_37,code=sm_37;-gencode;arch=compute_50,code=sm_50;-gencode;arch=compute_60,code=sm_60;-gencode;arch=compute_70,code=sm_70;-gencode;arch=compute_75,code=sm_75;-gencode;arch=compute_80,code=sm_80;-gencode;arch=compute_86,code=sm_86
  - CuDNN 8.5
  - Magma 2.6.1
  - Build settings: BLAS_INFO=mkl, BUILD_TYPE=Release, CUDA_VERSION=11.7, CUDNN_VERSION=8.5.0, CXX_COMPILER=/opt/rh/devtoolset-9/root/usr/bin/c++, CXX_FLAGS= -D_GLIBCXX_USE_CXX11_ABI=0 -fabi-version=11 -Wno-deprecated -fvisibility-inlines-hidden -DUSE_PTHREADPOOL -DNDEBUG -DUSE_KINETO -DLIBKINETO_NOROCTRACER -DUSE_FBGEMM -DUSE_QNNPACK -DUSE_PYTORCH_QNNPACK -DUSE_XNNPACK -DSYMBOLICATE_MOBILE_DEBUG_HANDLE -O2 -fPIC -Wall -Wextra -Werror=return-type -Werror=non-virtual-dtor -Werror=bool-operation -Wnarrowing -Wno-missing-field-initializers -Wno-type-limits -Wno-array-bounds -Wno-unknown-pragmas -Wunused-local-typedefs -Wno-unused-parameter -Wno-unused-function -Wno-unused-result -Wno-strict-overflow -Wno-strict-aliasing -Wno-error=deprecated-declarations -Wno-stringop-overflow -Wno-psabi -Wno-error=pedantic -Wno-error=redundant-decls -Wno-error=old-style-cast -fdiagnostics-color=always -faligned-new -Wno-unused-but-set-variable -Wno-maybe-uninitialized -fno-math-errno -fno-trapping-math -Werror=format -Werror=cast-function-type -Wno-stringop-overflow, LAPACK_INFO=mkl, PERF_WITH_AVX=1, PERF_WITH_AVX2=1, PERF_WITH_AVX512=1, TORCH_DISABLE_GPU_ASSERTS=ON, TORCH_VERSION=2.0.0, USE_CUDA=ON, USE_CUDNN=ON, USE_EXCEPTION_PTR=1, USE_GFLAGS=OFF, USE_GLOG=OFF, USE_MKL=ON, USE_MKLDNN=ON, USE_MPI=OFF, USE_NCCL=1, USE_NNPACK=ON, USE_OPENMP=ON, USE_ROCM=OFF, 

    TorchVision: 0.15.1+cu117
    OpenCV: 4.7.0
    MMEngine: 0.7.3

Runtime environment:
    cudnn_benchmark: False
    mp_cfg: {'mp_start_method': 'fork', 'opencv_num_threads': 0}
    dist_cfg: {'backend': 'nccl'}
    seed: None
    deterministic: False
    Distributed launcher: none
    Distributed training: False
    GPU number: 1
------------------------------------------------------------

2023/05/08 19:08:14 - mmengine - INFO - Config:
custom_imports = dict(imports=['efficient_net'], allow_failed_imports=False)
model = dict(
    type='ImageClassifier',
    backbone=dict(type='EfficientNet', arch='b0'),
    neck=dict(type='GlobalAveragePooling'),
    head=dict(
        type='LinearClsHead',
        num_classes=140,
        in_channels=1280,
        loss=dict(type='CrossEntropyLoss', loss_weight=1.0),
        topk=(1, 5)))
default_scope = 'mmdet'
default_hooks = dict(
    timer=dict(type='IterTimerHook'),
    param_scheduler=dict(type='ParamSchedulerHook'),
    checkpoint=dict(type='CheckpointHook', interval=50),
    sampler_seed=dict(type='DistSamplerSeedHook'),
    sync_buffer=dict(type='SyncBuffersHook'))
env_cfg = dict(
    cudnn_benchmark=False,
    mp_cfg=dict(mp_start_method='fork', opencv_num_threads=0),
    dist_cfg=dict(backend='nccl'))
vis_backends = [dict(type='LocalVisBackend')]
log_level = 'INFO'
load_from = 'checkpoints/cross_even_tiniier/eff/epoch_700.pth'
resume = False
randomness = dict(seed=None, deterministic=False)
optim_wrapper = dict(
    optimizer=dict(type='SGD', lr=0.0001, momentum=0.9, weight_decay=0.0001))
param_scheduler = dict(
    type='MultiStepLR', by_epoch=True, milestones=[500, 300], gamma=0.1)
train_cfg = dict(by_epoch=True, max_epochs=2500, val_interval=1000)
val_cfg = dict()
auto_scale_lr = dict(base_batch_size=128)
num_classes = 222
optimizer_config = dict(
    type='GradientCumulativeOptimizerHook', cumulative_iters=4)
dataset_type = 'CustomDataset'
data_preprocessor = dict(
    mean=[124.508, 116.05, 106.438], std=[58.577, 57.31, 57.437], to_rgb=True)
train_pipeline = [
    dict(type='LoadImageFromFile'),
    dict(type='EfficientNetRandomCrop', scale=380),
    dict(type='RandomFlip', prob=0.5, direction='horizontal'),
    dict(type='PackClsInputs')
]
test_pipeline = [
    dict(type='LoadImageFromFile'),
    dict(type='EfficientNetCenterCrop', crop_size=380),
    dict(type='PackClsInputs')
]
classes = [
    'ABZ579', 'ABZ13', 'ABZ342', 'ABZ70', 'ABZ461', 'ABZ142', 'ABZ318',
    'ABZ231', 'ABZ1', 'ABZ480', 'ABZ533', 'ABZ449', 'ABZ75', 'ABZ354', 'ABZ61',
    'ABZ597', 'ABZ536', 'ABZ139', 'ABZ381', 'ABZ308', 'ABZ86', 'ABZ328',
    'ABZ330', 'ABZ69', 'ABZ214', 'ABZ73', 'ABZ545', 'ABZ15', 'ABZ295',
    'ABZ296', 'ABZ151', 'ABZ55', 'ABZ335', 'ABZ537', 'ABZ371', 'ABZ68',
    'ABZ457', 'ABZ84', 'ABZ366', 'ABZ5', 'ABZ353', 'ABZ396', 'ABZ411',
    'ABZ206', 'ABZ58', 'ABZ324', 'ABZ99', 'ABZ376', 'ABZ532', 'ABZ384',
    'ABZ334', 'ABZ383', 'ABZ74', 'ABZ59', 'ABZ343', 'ABZ145', 'ABZ589',
    'ABZ586', 'ABZ211', 'ABZ212', 'ABZ399', 'ABZ7', 'ABZ367', 'ABZ78',
    'ABZ115', 'ABZ322', 'ABZ207', 'ABZ38', 'ABZ319', 'ABZ144', 'ABZ85',
    'ABZ97', 'ABZ112', 'ABZ60', 'ABZ79', 'ABZ427', 'ABZ232', 'ABZ80', 'ABZ167',
    'ABZ312', 'ABZ535', 'ABZ52', 'ABZ172', 'ABZ331', 'ABZ554', 'ABZ314',
    'ABZ128', 'ABZ142a', 'ABZ12', 'ABZ331e+152i', 'ABZ401', 'ABZ147', 'ABZ440',
    'ABZ6', 'ABZ575', 'ABZ570', 'ABZ134', 'ABZ465', 'ABZ230', 'ABZ306',
    'ABZ148', 'ABZ339', 'ABZ397', 'ABZ472', 'ABZ441', 'ABZ412', 'ABZ104',
    'ABZ595', 'ABZ455', 'ABZ313', 'ABZ298', 'ABZ62', 'ABZ101', 'ABZ393',
    'ABZ483', 'ABZ471', 'ABZ111', 'ABZ87', 'ABZ538', 'ABZ468', 'ABZ138',
    'ABZ565', 'ABZ152', 'ABZ406', 'ABZ72', 'ABZ205', 'ABZ126', 'ABZ2', 'ABZ50',
    'ABZ94', 'ABZ529', 'ABZ307', 'ABZ143', 'ABZ124', 'ABZ164', 'ABZ559',
    'ABZ437', 'ABZ9', 'ABZ398', 'ABZ131'
]
train_dataset = dict(
    type='CustomDataset',
    data_prefix='data/ebl/train_set/train_set',
    classes=[
        'ABZ579', 'ABZ13', 'ABZ342', 'ABZ70', 'ABZ461', 'ABZ142', 'ABZ318',
        'ABZ231', 'ABZ1', 'ABZ480', 'ABZ533', 'ABZ449', 'ABZ75', 'ABZ354',
        'ABZ61', 'ABZ597', 'ABZ536', 'ABZ139', 'ABZ381', 'ABZ308', 'ABZ86',
        'ABZ328', 'ABZ330', 'ABZ69', 'ABZ214', 'ABZ73', 'ABZ545', 'ABZ15',
        'ABZ295', 'ABZ296', 'ABZ151', 'ABZ55', 'ABZ335', 'ABZ537', 'ABZ371',
        'ABZ68', 'ABZ457', 'ABZ84', 'ABZ366', 'ABZ5', 'ABZ353', 'ABZ396',
        'ABZ411', 'ABZ206', 'ABZ58', 'ABZ324', 'ABZ99', 'ABZ376', 'ABZ532',
        'ABZ384', 'ABZ334', 'ABZ383', 'ABZ74', 'ABZ59', 'ABZ343', 'ABZ145',
        'ABZ589', 'ABZ586', 'ABZ211', 'ABZ212', 'ABZ399', 'ABZ7', 'ABZ367',
        'ABZ78', 'ABZ115', 'ABZ322', 'ABZ207', 'ABZ38', 'ABZ319', 'ABZ144',
        'ABZ85', 'ABZ97', 'ABZ112', 'ABZ60', 'ABZ79', 'ABZ427', 'ABZ232',
        'ABZ80', 'ABZ167', 'ABZ312', 'ABZ535', 'ABZ52', 'ABZ172', 'ABZ331',
        'ABZ554', 'ABZ314', 'ABZ128', 'ABZ142a', 'ABZ12', 'ABZ331e+152i',
        'ABZ401', 'ABZ147', 'ABZ440', 'ABZ6', 'ABZ575', 'ABZ570', 'ABZ134',
        'ABZ465', 'ABZ230', 'ABZ306', 'ABZ148', 'ABZ339', 'ABZ397', 'ABZ472',
        'ABZ441', 'ABZ412', 'ABZ104', 'ABZ595', 'ABZ455', 'ABZ313', 'ABZ298',
        'ABZ62', 'ABZ101', 'ABZ393', 'ABZ483', 'ABZ471', 'ABZ111', 'ABZ87',
        'ABZ538', 'ABZ468', 'ABZ138', 'ABZ565', 'ABZ152', 'ABZ406', 'ABZ72',
        'ABZ205', 'ABZ126', 'ABZ2', 'ABZ50', 'ABZ94', 'ABZ529', 'ABZ307',
        'ABZ143', 'ABZ124', 'ABZ164', 'ABZ559', 'ABZ437', 'ABZ9', 'ABZ398',
        'ABZ131'
    ],
    pipeline=[
        dict(type='LoadImageFromFile'),
        dict(type='EfficientNetRandomCrop', scale=380),
        dict(type='RandomFlip', prob=0.5, direction='horizontal'),
        dict(type='PackClsInputs')
    ])
train_dataloader = dict(
    pin_memory=True,
    persistent_workers=True,
    collate_fn=dict(type='default_collate'),
    batch_size=32,
    num_workers=12,
    dataset=dict(
        type='ClassBalancedDataset',
        dataset=dict(
            type='CustomDataset',
            data_prefix='data/ebl/train_set/train_set',
            classes=[
                'ABZ579', 'ABZ13', 'ABZ342', 'ABZ70', 'ABZ461', 'ABZ142',
                'ABZ318', 'ABZ231', 'ABZ1', 'ABZ480', 'ABZ533', 'ABZ449',
                'ABZ75', 'ABZ354', 'ABZ61', 'ABZ597', 'ABZ536', 'ABZ139',
                'ABZ381', 'ABZ308', 'ABZ86', 'ABZ328', 'ABZ330', 'ABZ69',
                'ABZ214', 'ABZ73', 'ABZ545', 'ABZ15', 'ABZ295', 'ABZ296',
                'ABZ151', 'ABZ55', 'ABZ335', 'ABZ537', 'ABZ371', 'ABZ68',
                'ABZ457', 'ABZ84', 'ABZ366', 'ABZ5', 'ABZ353', 'ABZ396',
                'ABZ411', 'ABZ206', 'ABZ58', 'ABZ324', 'ABZ99', 'ABZ376',
                'ABZ532', 'ABZ384', 'ABZ334', 'ABZ383', 'ABZ74', 'ABZ59',
                'ABZ343', 'ABZ145', 'ABZ589', 'ABZ586', 'ABZ211', 'ABZ212',
                'ABZ399', 'ABZ7', 'ABZ367', 'ABZ78', 'ABZ115', 'ABZ322',
                'ABZ207', 'ABZ38', 'ABZ319', 'ABZ144', 'ABZ85', 'ABZ97',
                'ABZ112', 'ABZ60', 'ABZ79', 'ABZ427', 'ABZ232', 'ABZ80',
                'ABZ167', 'ABZ312', 'ABZ535', 'ABZ52', 'ABZ172', 'ABZ331',
                'ABZ554', 'ABZ314', 'ABZ128', 'ABZ142a', 'ABZ12',
                'ABZ331e+152i', 'ABZ401', 'ABZ147', 'ABZ440', 'ABZ6', 'ABZ575',
                'ABZ570', 'ABZ134', 'ABZ465', 'ABZ230', 'ABZ306', 'ABZ148',
                'ABZ339', 'ABZ397', 'ABZ472', 'ABZ441', 'ABZ412', 'ABZ104',
                'ABZ595', 'ABZ455', 'ABZ313', 'ABZ298', 'ABZ62', 'ABZ101',
                'ABZ393', 'ABZ483', 'ABZ471', 'ABZ111', 'ABZ87', 'ABZ538',
                'ABZ468', 'ABZ138', 'ABZ565', 'ABZ152', 'ABZ406', 'ABZ72',
                'ABZ205', 'ABZ126', 'ABZ2', 'ABZ50', 'ABZ94', 'ABZ529',
                'ABZ307', 'ABZ143', 'ABZ124', 'ABZ164', 'ABZ559', 'ABZ437',
                'ABZ9', 'ABZ398', 'ABZ131'
            ],
            pipeline=[
                dict(type='LoadImageFromFile'),
                dict(type='EfficientNetRandomCrop', scale=380),
                dict(type='RandomFlip', prob=0.5, direction='horizontal'),
                dict(type='PackClsInputs')
            ]),
        oversample_thr=0.001),
    sampler=dict(type='DefaultSampler', shuffle=True))
val_dataset = ({
    'type':
    'CustomDataset',
    'data_prefix':
    'data/ebl/test_set/test_set',
    'classes': [
        'ABZ579', 'ABZ13', 'ABZ342', 'ABZ70', 'ABZ461', 'ABZ142', 'ABZ318',
        'ABZ231', 'ABZ1', 'ABZ480', 'ABZ533', 'ABZ449', 'ABZ75', 'ABZ354',
        'ABZ61', 'ABZ597', 'ABZ536', 'ABZ139', 'ABZ381', 'ABZ308', 'ABZ86',
        'ABZ328', 'ABZ330', 'ABZ69', 'ABZ214', 'ABZ73', 'ABZ545', 'ABZ15',
        'ABZ295', 'ABZ296', 'ABZ151', 'ABZ55', 'ABZ335', 'ABZ537', 'ABZ371',
        'ABZ68', 'ABZ457', 'ABZ84', 'ABZ366', 'ABZ5', 'ABZ353', 'ABZ396',
        'ABZ411', 'ABZ206', 'ABZ58', 'ABZ324', 'ABZ99', 'ABZ376', 'ABZ532',
        'ABZ384', 'ABZ334', 'ABZ383', 'ABZ74', 'ABZ59', 'ABZ343', 'ABZ145',
        'ABZ589', 'ABZ586', 'ABZ211', 'ABZ212', 'ABZ399', 'ABZ7', 'ABZ367',
        'ABZ78', 'ABZ115', 'ABZ322', 'ABZ207', 'ABZ38', 'ABZ319', 'ABZ144',
        'ABZ85', 'ABZ97', 'ABZ112', 'ABZ60', 'ABZ79', 'ABZ427', 'ABZ232',
        'ABZ80', 'ABZ167', 'ABZ312', 'ABZ535', 'ABZ52', 'ABZ172', 'ABZ331',
        'ABZ554', 'ABZ314', 'ABZ128', 'ABZ142a', 'ABZ12', 'ABZ331e+152i',
        'ABZ401', 'ABZ147', 'ABZ440', 'ABZ6', 'ABZ575', 'ABZ570', 'ABZ134',
        'ABZ465', 'ABZ230', 'ABZ306', 'ABZ148', 'ABZ339', 'ABZ397', 'ABZ472',
        'ABZ441', 'ABZ412', 'ABZ104', 'ABZ595', 'ABZ455', 'ABZ313', 'ABZ298',
        'ABZ62', 'ABZ101', 'ABZ393', 'ABZ483', 'ABZ471', 'ABZ111', 'ABZ87',
        'ABZ538', 'ABZ468', 'ABZ138', 'ABZ565', 'ABZ152', 'ABZ406', 'ABZ72',
        'ABZ205', 'ABZ126', 'ABZ2', 'ABZ50', 'ABZ94', 'ABZ529', 'ABZ307',
        'ABZ143', 'ABZ124', 'ABZ164', 'ABZ559', 'ABZ437', 'ABZ9', 'ABZ398',
        'ABZ131'
    ],
    'pipeline': [{
        'type': 'LoadImageFromFile'
    }, {
        'type': 'EfficientNetCenterCrop',
        'crop_size': 380
    }, {
        'type': 'PackClsInputs'
    }]
}, )
val_dataloader = dict(
    pin_memory=True,
    persistent_workers=True,
    collate_fn=dict(type='default_collate'),
    batch_size=32,
    num_workers=12,
    dataset=dict(
        type='CustomDataset',
        data_prefix='data/ebl/train_set/train_set',
        classes=[
            'ABZ579', 'ABZ13', 'ABZ342', 'ABZ70', 'ABZ461', 'ABZ142', 'ABZ318',
            'ABZ231', 'ABZ1', 'ABZ480', 'ABZ533', 'ABZ449', 'ABZ75', 'ABZ354',
            'ABZ61', 'ABZ597', 'ABZ536', 'ABZ139', 'ABZ381', 'ABZ308', 'ABZ86',
            'ABZ328', 'ABZ330', 'ABZ69', 'ABZ214', 'ABZ73', 'ABZ545', 'ABZ15',
            'ABZ295', 'ABZ296', 'ABZ151', 'ABZ55', 'ABZ335', 'ABZ537',
            'ABZ371', 'ABZ68', 'ABZ457', 'ABZ84', 'ABZ366', 'ABZ5', 'ABZ353',
            'ABZ396', 'ABZ411', 'ABZ206', 'ABZ58', 'ABZ324', 'ABZ99', 'ABZ376',
            'ABZ532', 'ABZ384', 'ABZ334', 'ABZ383', 'ABZ74', 'ABZ59', 'ABZ343',
            'ABZ145', 'ABZ589', 'ABZ586', 'ABZ211', 'ABZ212', 'ABZ399', 'ABZ7',
            'ABZ367', 'ABZ78', 'ABZ115', 'ABZ322', 'ABZ207', 'ABZ38', 'ABZ319',
            'ABZ144', 'ABZ85', 'ABZ97', 'ABZ112', 'ABZ60', 'ABZ79', 'ABZ427',
            'ABZ232', 'ABZ80', 'ABZ167', 'ABZ312', 'ABZ535', 'ABZ52', 'ABZ172',
            'ABZ331', 'ABZ554', 'ABZ314', 'ABZ128', 'ABZ142a', 'ABZ12',
            'ABZ331e+152i', 'ABZ401', 'ABZ147', 'ABZ440', 'ABZ6', 'ABZ575',
            'ABZ570', 'ABZ134', 'ABZ465', 'ABZ230', 'ABZ306', 'ABZ148',
            'ABZ339', 'ABZ397', 'ABZ472', 'ABZ441', 'ABZ412', 'ABZ104',
            'ABZ595', 'ABZ455', 'ABZ313', 'ABZ298', 'ABZ62', 'ABZ101',
            'ABZ393', 'ABZ483', 'ABZ471', 'ABZ111', 'ABZ87', 'ABZ538',
            'ABZ468', 'ABZ138', 'ABZ565', 'ABZ152', 'ABZ406', 'ABZ72',
            'ABZ205', 'ABZ126', 'ABZ2', 'ABZ50', 'ABZ94', 'ABZ529', 'ABZ307',
            'ABZ143', 'ABZ124', 'ABZ164', 'ABZ559', 'ABZ437', 'ABZ9', 'ABZ398',
            'ABZ131'
        ],
        pipeline=[
            dict(type='LoadImageFromFile'),
            dict(type='EfficientNetRandomCrop', scale=380),
            dict(type='RandomFlip', prob=0.5, direction='horizontal'),
            dict(type='PackClsInputs')
        ]),
    sampler=dict(type='DefaultSampler', shuffle=False))
val_evaluator = [
    dict(type='Accuracy', topk=(1, 2, 3, 5)),
    dict(type='SingleLabelMetric', items=['precision', 'recall']),
    dict(type='AveragePrecision'),
    dict(type='MultiLabelMetric', average='macro'),
    dict(type='MultiLabelMetric', average='micro')
]
launcher = 'none'
work_dir = 'logs/efficient_net_1-reduced-lr'
test_dataloader = dict(
    pin_memory=True,
    persistent_workers=True,
    collate_fn=dict(type='default_collate'),
    batch_size=32,
    num_workers=12,
    dataset=dict(
        type='CustomDataset',
        data_prefix='data/ebl/train_set/train_set',
        classes=[
            'ABZ579', 'ABZ13', 'ABZ342', 'ABZ70', 'ABZ461', 'ABZ142', 'ABZ318',
            'ABZ231', 'ABZ1', 'ABZ480', 'ABZ533', 'ABZ449', 'ABZ75', 'ABZ354',
            'ABZ61', 'ABZ597', 'ABZ536', 'ABZ139', 'ABZ381', 'ABZ308', 'ABZ86',
            'ABZ328', 'ABZ330', 'ABZ69', 'ABZ214', 'ABZ73', 'ABZ545', 'ABZ15',
            'ABZ295', 'ABZ296', 'ABZ151', 'ABZ55', 'ABZ335', 'ABZ537',
            'ABZ371', 'ABZ68', 'ABZ457', 'ABZ84', 'ABZ366', 'ABZ5', 'ABZ353',
            'ABZ396', 'ABZ411', 'ABZ206', 'ABZ58', 'ABZ324', 'ABZ99', 'ABZ376',
            'ABZ532', 'ABZ384', 'ABZ334', 'ABZ383', 'ABZ74', 'ABZ59', 'ABZ343',
            'ABZ145', 'ABZ589', 'ABZ586', 'ABZ211', 'ABZ212', 'ABZ399', 'ABZ7',
            'ABZ367', 'ABZ78', 'ABZ115', 'ABZ322', 'ABZ207', 'ABZ38', 'ABZ319',
            'ABZ144', 'ABZ85', 'ABZ97', 'ABZ112', 'ABZ60', 'ABZ79', 'ABZ427',
            'ABZ232', 'ABZ80', 'ABZ167', 'ABZ312', 'ABZ535', 'ABZ52', 'ABZ172',
            'ABZ331', 'ABZ554', 'ABZ314', 'ABZ128', 'ABZ142a', 'ABZ12',
            'ABZ331e+152i', 'ABZ401', 'ABZ147', 'ABZ440', 'ABZ6', 'ABZ575',
            'ABZ570', 'ABZ134', 'ABZ465', 'ABZ230', 'ABZ306', 'ABZ148',
            'ABZ339', 'ABZ397', 'ABZ472', 'ABZ441', 'ABZ412', 'ABZ104',
            'ABZ595', 'ABZ455', 'ABZ313', 'ABZ298', 'ABZ62', 'ABZ101',
            'ABZ393', 'ABZ483', 'ABZ471', 'ABZ111', 'ABZ87', 'ABZ538',
            'ABZ468', 'ABZ138', 'ABZ565', 'ABZ152', 'ABZ406', 'ABZ72',
            'ABZ205', 'ABZ126', 'ABZ2', 'ABZ50', 'ABZ94', 'ABZ529', 'ABZ307',
            'ABZ143', 'ABZ124', 'ABZ164', 'ABZ559', 'ABZ437', 'ABZ9', 'ABZ398',
            'ABZ131'
        ],
        pipeline=[
            dict(type='LoadImageFromFile'),
            dict(type='EfficientNetRandomCrop', scale=380),
            dict(type='RandomFlip', prob=0.5, direction='horizontal'),
            dict(type='PackClsInputs')
        ]),
    sampler=dict(type='DefaultSampler', shuffle=False))
test_evaluator = [
    dict(type='Accuracy', topk=(1, 2, 3, 5)),
    dict(type='SingleLabelMetric', items=['precision', 'recall']),
    dict(type='AveragePrecision'),
    dict(type='MultiLabelMetric', average='macro'),
    dict(type='MultiLabelMetric', average='micro')
]
test_cfg = dict()

2023/05/08 19:08:16 - mmengine - INFO - Distributed training is not used, all SyncBatchNorm (SyncBN) layers in the model will be automatically reverted to BatchNormXd layers if they are used.
2023/05/08 19:08:16 - mmengine - INFO - Hooks will be executed in the following order:
before_run:
(VERY_HIGH   ) RuntimeInfoHook                    
(BELOW_NORMAL) LoggerHook                         
 -------------------- 
before_train:
(VERY_HIGH   ) RuntimeInfoHook                    
(NORMAL      ) IterTimerHook                      
(VERY_LOW    ) CheckpointHook                     
 -------------------- 
before_train_epoch:
(VERY_HIGH   ) RuntimeInfoHook                    
(NORMAL      ) IterTimerHook                      
(NORMAL      ) DistSamplerSeedHook                
 -------------------- 
before_train_iter:
(VERY_HIGH   ) RuntimeInfoHook                    
(NORMAL      ) IterTimerHook                      
 -------------------- 
after_train_iter:
(VERY_HIGH   ) RuntimeInfoHook                    
(NORMAL      ) IterTimerHook                      
(BELOW_NORMAL) LoggerHook                         
(LOW         ) ParamSchedulerHook                 
(VERY_LOW    ) CheckpointHook                     
 -------------------- 
after_train_epoch:
(NORMAL      ) IterTimerHook                      
(NORMAL      ) SyncBuffersHook                    
(LOW         ) ParamSchedulerHook                 
(VERY_LOW    ) CheckpointHook                     
 -------------------- 
before_val_epoch:
(NORMAL      ) IterTimerHook                      
(NORMAL      ) SyncBuffersHook                    
 -------------------- 
before_val_iter:
(NORMAL      ) IterTimerHook                      
 -------------------- 
after_val_iter:
(NORMAL      ) IterTimerHook                      
(BELOW_NORMAL) LoggerHook                         
 -------------------- 
after_val_epoch:
(VERY_HIGH   ) RuntimeInfoHook                    
(NORMAL      ) IterTimerHook                      
(BELOW_NORMAL) LoggerHook                         
(LOW         ) ParamSchedulerHook                 
(VERY_LOW    ) CheckpointHook                     
 -------------------- 
after_train:
(VERY_LOW    ) CheckpointHook                     
 -------------------- 
before_test_epoch:
(NORMAL      ) IterTimerHook                      
 -------------------- 
before_test_iter:
(NORMAL      ) IterTimerHook                      
 -------------------- 
after_test_iter:
(NORMAL      ) IterTimerHook                      
(BELOW_NORMAL) LoggerHook                         
 -------------------- 
after_test_epoch:
(VERY_HIGH   ) RuntimeInfoHook                    
(NORMAL      ) IterTimerHook                      
(BELOW_NORMAL) LoggerHook                         
 -------------------- 
after_run:
(BELOW_NORMAL) LoggerHook                         
 -------------------- 
2023/05/08 19:08:19 - mmengine - INFO - Load checkpoint from checkpoints/cross_even_tiniier/eff/epoch_700.pth
2023/05/08 19:08:34 - mmengine - WARNING - "FileClient" will be deprecated in future. Please use io functions in https://mmengine.readthedocs.io/en/latest/api/fileio.html#file-io
2023/05/08 19:08:34 - mmengine - WARNING - "HardDiskBackend" is the alias of "LocalBackend" and the former will be deprecated in future.
2023/05/08 19:08:34 - mmengine - WARNING - "FileClient" will be deprecated in future. Please use io functions in https://mmengine.readthedocs.io/en/latest/api/fileio.html#file-io
2023/05/08 19:08:34 - mmengine - WARNING - "HardDiskBackend" is the alias of "LocalBackend" and the former will be deprecated in future.
2023/05/08 19:11:51 - mmengine - INFO - 
---------------iou_thr: 0.5---------------
2023/05/08 19:11:52 - mmengine - INFO - 
+--------------+-----+------+--------+-------+
| class        | gts | dets | recall | ap    |
+--------------+-----+------+--------+-------+
| ABZ579       | 29  | 126  | 0.138  | 0.055 |
| ABZ13        | 17  | 0    | 0.000  | 0.000 |
| ABZ342       | 13  | 0    | 0.000  | 0.000 |
| ABZ70        | 8   | 0    | 0.000  | 0.000 |
| ABZ461       | 9   | 0    | 0.000  | 0.000 |
| ABZ142       | 13  | 0    | 0.000  | 0.000 |
| ABZ318       | 10  | 0    | 0.000  | 0.000 |
| ABZ231       | 12  | 0    | 0.000  | 0.000 |
| ABZ1         | 11  | 0    | 0.000  | 0.000 |
| ABZ480       | 19  | 0    | 0.000  | 0.000 |
| ABZ533       | 19  | 0    | 0.000  | 0.000 |
| ABZ449       | 16  | 0    | 0.000  | 0.000 |
| ABZ75        | 10  | 0    | 0.000  | 0.000 |
| ABZ354       | 6   | 0    | 0.000  | 0.000 |
| ABZ61        | 12  | 0    | 0.000  | 0.000 |
| ABZ597       | 10  | 0    | 0.000  | 0.000 |
| ABZ536       | 1   | 0    | 0.000  | 0.000 |
| ABZ139       | 10  | 0    | 0.000  | 0.000 |
| ABZ381       | 14  | 0    | 0.000  | 0.000 |
| ABZ308       | 5   | 0    | 0.000  | 0.000 |
| ABZ86        | 4   | 0    | 0.000  | 0.000 |
| ABZ328       | 4   | 0    | 0.000  | 0.000 |
| ABZ330       | 14  | 0    | 0.000  | 0.000 |
| ABZ69        | 5   | 0    | 0.000  | 0.000 |
| ABZ214       | 4   | 0    | 0.000  | 0.000 |
| ABZ73        | 8   | 0    | 0.000  | 0.000 |
| ABZ545       | 6   | 0    | 0.000  | 0.000 |
| ABZ15        | 10  | 0    | 0.000  | 0.000 |
| ABZ295       | 5   | 0    | 0.000  | 0.000 |
| ABZ296       | 1   | 0    | 0.000  | 0.000 |
| ABZ151       | 1   | 0    | 0.000  | 0.000 |
| ABZ55        | 14  | 1    | 0.000  | 0.000 |
| ABZ335       | 5   | 0    | 0.000  | 0.000 |
| ABZ537       | 5   | 0    | 0.000  | 0.000 |
| ABZ371       | 6   | 0    | 0.000  | 0.000 |
| ABZ68        | 6   | 0    | 0.000  | 0.000 |
| ABZ457       | 7   | 0    | 0.000  | 0.000 |
| ABZ84        | 3   | 0    | 0.000  | 0.000 |
| ABZ366       | 8   | 0    | 0.000  | 0.000 |
| ABZ5         | 9   | 0    | 0.000  | 0.000 |
| ABZ353       | 8   | 0    | 0.000  | 0.000 |
| ABZ396       | 5   | 0    | 0.000  | 0.000 |
| ABZ411       | 12  | 0    | 0.000  | 0.000 |
| ABZ206       | 1   | 0    | 0.000  | 0.000 |
| ABZ58        | 0   | 0    | 0.000  | 0.000 |
| ABZ324       | 5   | 0    | 0.000  | 0.000 |
| ABZ99        | 3   | 0    | 0.000  | 0.000 |
| ABZ376       | 8   | 0    | 0.000  | 0.000 |
| ABZ532       | 2   | 0    | 0.000  | 0.000 |
| ABZ384       | 5   | 0    | 0.000  | 0.000 |
| ABZ334       | 1   | 0    | 0.000  | 0.000 |
| ABZ383       | 0   | 0    | 0.000  | 0.000 |
| ABZ74        | 2   | 0    | 0.000  | 0.000 |
| ABZ59        | 7   | 0    | 0.000  | 0.000 |
| ABZ343       | 2   | 0    | 0.000  | 0.000 |
| ABZ145       | 1   | 0    | 0.000  | 0.000 |
| ABZ589       | 2   | 0    | 0.000  | 0.000 |
| ABZ586       | 4   | 0    | 0.000  | 0.000 |
| ABZ211       | 0   | 0    | 0.000  | 0.000 |
| ABZ212       | 1   | 0    | 0.000  | 0.000 |
| ABZ399       | 3   | 0    | 0.000  | 0.000 |
| ABZ7         | 2   | 0    | 0.000  | 0.000 |
| ABZ367       | 5   | 0    | 0.000  | 0.000 |
| ABZ78        | 0   | 0    | 0.000  | 0.000 |
| ABZ115       | 2   | 0    | 0.000  | 0.000 |
| ABZ322       | 5   | 0    | 0.000  | 0.000 |
| ABZ207       | 0   | 0    | 0.000  | 0.000 |
| ABZ38        | 5   | 0    | 0.000  | 0.000 |
| ABZ319       | 2   | 0    | 0.000  | 0.000 |
| ABZ144       | 1   | 0    | 0.000  | 0.000 |
| ABZ85        | 2   | 0    | 0.000  | 0.000 |
| ABZ97        | 0   | 0    | 0.000  | 0.000 |
| ABZ112       | 2   | 0    | 0.000  | 0.000 |
| ABZ60        | 7   | 1    | 0.000  | 0.000 |
| ABZ79        | 0   | 0    | 0.000  | 0.000 |
| ABZ427       | 3   | 408  | 0.000  | 0.000 |
| ABZ232       | 2   | 0    | 0.000  | 0.000 |
| ABZ80        | 2   | 0    | 0.000  | 0.000 |
| ABZ167       | 2   | 0    | 0.000  | 0.000 |
| ABZ312       | 0   | 0    | 0.000  | 0.000 |
| ABZ535       | 1   | 0    | 0.000  | 0.000 |
| ABZ52        | 2   | 0    | 0.000  | 0.000 |
| ABZ172       | 1   | 0    | 0.000  | 0.000 |
| ABZ331       | 1   | 0    | 0.000  | 0.000 |
| ABZ554       | 5   | 0    | 0.000  | 0.000 |
| ABZ314       | 1   | 0    | 0.000  | 0.000 |
| ABZ128       | 0   | 0    | 0.000  | 0.000 |
| ABZ142a      | 5   | 0    | 0.000  | 0.000 |
| ABZ12        | 0   | 0    | 0.000  | 0.000 |
| ABZ331e+152i | 2   | 0    | 0.000  | 0.000 |
| ABZ401       | 1   | 0    | 0.000  | 0.000 |
| ABZ147       | 3   | 0    | 0.000  | 0.000 |
| ABZ440       | 1   | 0    | 0.000  | 0.000 |
| ABZ6         | 3   | 0    | 0.000  | 0.000 |
| ABZ575       | 1   | 0    | 0.000  | 0.000 |
| ABZ570       | 0   | 0    | 0.000  | 0.000 |
| ABZ134       | 0   | 0    | 0.000  | 0.000 |
| ABZ465       | 1   | 0    | 0.000  | 0.000 |
| ABZ230       | 1   | 1    | 0.000  | 0.000 |
| ABZ306       | 3   | 0    | 0.000  | 0.000 |
| ABZ148       | 2   | 0    | 0.000  | 0.000 |
| ABZ339       | 1   | 3    | 0.000  | 0.000 |
| ABZ397       | 2   | 0    | 0.000  | 0.000 |
| ABZ472       | 1   | 0    | 0.000  | 0.000 |
| ABZ441       | 1   | 0    | 0.000  | 0.000 |
| ABZ412       | 0   | 0    | 0.000  | 0.000 |
| ABZ104       | 3   | 0    | 0.000  | 0.000 |
| ABZ595       | 0   | 0    | 0.000  | 0.000 |
| ABZ455       | 0   | 0    | 0.000  | 0.000 |
| ABZ313       | 0   | 0    | 0.000  | 0.000 |
| ABZ298       | 2   | 0    | 0.000  | 0.000 |
| ABZ62        | 4   | 16   | 0.000  | 0.000 |
| ABZ101       | 0   | 0    | 0.000  | 0.000 |
| ABZ393       | 1   | 0    | 0.000  | 0.000 |
| ABZ483       | 1   | 0    | 0.000  | 0.000 |
| ABZ471       | 3   | 0    | 0.000  | 0.000 |
| ABZ111       | 2   | 0    | 0.000  | 0.000 |
| ABZ87        | 0   | 0    | 0.000  | 0.000 |
| ABZ538       | 0   | 0    | 0.000  | 0.000 |
| ABZ468       | 1   | 0    | 0.000  | 0.000 |
| ABZ138       | 0   | 0    | 0.000  | 0.000 |
| ABZ565       | 0   | 0    | 0.000  | 0.000 |
| ABZ152       | 0   | 0    | 0.000  | 0.000 |
| ABZ406       | 0   | 1    | 0.000  | 0.000 |
| ABZ72        | 0   | 0    | 0.000  | 0.000 |
| ABZ205       | 0   | 0    | 0.000  | 0.000 |
| ABZ126       | 1   | 0    | 0.000  | 0.000 |
| ABZ2         | 12  | 0    | 0.000  | 0.000 |
| ABZ50        | 3   | 0    | 0.000  | 0.000 |
| ABZ94        | 1   | 0    | 0.000  | 0.000 |
| ABZ529       | 0   | 0    | 0.000  | 0.000 |
| ABZ307       | 0   | 0    | 0.000  | 0.000 |
| ABZ143       | 0   | 0    | 0.000  | 0.000 |
| ABZ124       | 0   | 0    | 0.000  | 0.000 |
| ABZ164       | 2   | 0    | 0.000  | 0.000 |
| ABZ559       | 0   | 0    | 0.000  | 0.000 |
| ABZ437       | 0   | 0    | 0.000  | 0.000 |
| ABZ9         | 1   | 0    | 0.000  | 0.000 |
| ABZ398       | 0   | 0    | 0.000  | 0.000 |
| ABZ131       | 2   | 0    | 0.000  | 0.000 |
+--------------+-----+------+--------+-------+
| mAP          |     |      |        | 0.001 |
+--------------+-----+------+--------+-------+
