2023/05/08 18:00:36 - mmengine - INFO - 
------------------------------------------------------------
System environment:
    sys.platform: linux
    Python: 3.10.10 (main, Mar  5 2023, 22:26:53) [GCC 12.2.1 20230201]
    CUDA available: True
    numpy_random_seed: 1957461436
    GPU 0: NVIDIA GeForce RTX 2070
    CUDA_HOME: /opt/cuda
    NVCC: Cuda compilation tools, release 12.1, V12.1.66
    GCC: gcc (GCC) 12.2.1 20230201
    PyTorch: 2.0.0+cu117
    PyTorch compiling details: PyTorch built with:
  - GCC 9.3
  - C++ Version: 201703
  - Intel(R) oneAPI Math Kernel Library Version 2022.2-Product Build 20220804 for Intel(R) 64 architecture applications
  - Intel(R) MKL-DNN v2.7.3 (Git Hash 6dbeffbae1f23cbbeae17adb7b5b13f1f37c080e)
  - OpenMP 201511 (a.k.a. OpenMP 4.5)
  - LAPACK is enabled (usually provided by MKL)
  - NNPACK is enabled
  - CPU capability usage: AVX2
  - CUDA Runtime 11.7
  - NVCC architecture flags: -gencode;arch=compute_37,code=sm_37;-gencode;arch=compute_50,code=sm_50;-gencode;arch=compute_60,code=sm_60;-gencode;arch=compute_70,code=sm_70;-gencode;arch=compute_75,code=sm_75;-gencode;arch=compute_80,code=sm_80;-gencode;arch=compute_86,code=sm_86
  - CuDNN 8.5
  - Magma 2.6.1
  - Build settings: BLAS_INFO=mkl, BUILD_TYPE=Release, CUDA_VERSION=11.7, CUDNN_VERSION=8.5.0, CXX_COMPILER=/opt/rh/devtoolset-9/root/usr/bin/c++, CXX_FLAGS= -D_GLIBCXX_USE_CXX11_ABI=0 -fabi-version=11 -Wno-deprecated -fvisibility-inlines-hidden -DUSE_PTHREADPOOL -DNDEBUG -DUSE_KINETO -DLIBKINETO_NOROCTRACER -DUSE_FBGEMM -DUSE_QNNPACK -DUSE_PYTORCH_QNNPACK -DUSE_XNNPACK -DSYMBOLICATE_MOBILE_DEBUG_HANDLE -O2 -fPIC -Wall -Wextra -Werror=return-type -Werror=non-virtual-dtor -Werror=bool-operation -Wnarrowing -Wno-missing-field-initializers -Wno-type-limits -Wno-array-bounds -Wno-unknown-pragmas -Wunused-local-typedefs -Wno-unused-parameter -Wno-unused-function -Wno-unused-result -Wno-strict-overflow -Wno-strict-aliasing -Wno-error=deprecated-declarations -Wno-stringop-overflow -Wno-psabi -Wno-error=pedantic -Wno-error=redundant-decls -Wno-error=old-style-cast -fdiagnostics-color=always -faligned-new -Wno-unused-but-set-variable -Wno-maybe-uninitialized -fno-math-errno -fno-trapping-math -Werror=format -Werror=cast-function-type -Wno-stringop-overflow, LAPACK_INFO=mkl, PERF_WITH_AVX=1, PERF_WITH_AVX2=1, PERF_WITH_AVX512=1, TORCH_DISABLE_GPU_ASSERTS=ON, TORCH_VERSION=2.0.0, USE_CUDA=ON, USE_CUDNN=ON, USE_EXCEPTION_PTR=1, USE_GFLAGS=OFF, USE_GLOG=OFF, USE_MKL=ON, USE_MKLDNN=ON, USE_MPI=OFF, USE_NCCL=1, USE_NNPACK=ON, USE_OPENMP=ON, USE_ROCM=OFF, 

    TorchVision: 0.15.1+cu117
    OpenCV: 4.7.0
    MMEngine: 0.7.3

Runtime environment:
    cudnn_benchmark: False
    mp_cfg: {'mp_start_method': 'fork', 'opencv_num_threads': 0}
    dist_cfg: {'backend': 'nccl'}
    seed: None
    deterministic: False
    Distributed launcher: none
    Distributed training: False
    GPU number: 1
------------------------------------------------------------

2023/05/08 18:00:44 - mmengine - INFO - Config:
custom_imports = dict(imports=['efficient_net'], allow_failed_imports=False)
model = dict(
    type='ImageClassifier',
    backbone=dict(type='EfficientNet', arch='b0'),
    neck=dict(type='GlobalAveragePooling'),
    head=dict(
        type='LinearClsHead',
        num_classes=188,
        in_channels=1280,
        loss=dict(type='CrossEntropyLoss', loss_weight=1.0),
        topk=(1, 5)))
default_scope = 'mmdet'
default_hooks = dict(
    timer=dict(type='IterTimerHook'),
    param_scheduler=dict(type='ParamSchedulerHook'),
    checkpoint=dict(type='CheckpointHook', interval=50),
    sampler_seed=dict(type='DistSamplerSeedHook'),
    sync_buffer=dict(type='SyncBuffersHook'))
env_cfg = dict(
    cudnn_benchmark=False,
    mp_cfg=dict(mp_start_method='fork', opencv_num_threads=0),
    dist_cfg=dict(backend='nccl'))
vis_backends = [dict(type='LocalVisBackend')]
log_level = 'INFO'
load_from = 'checkpoints/cross_even_tiniier/eff/epoch_700.pth'
resume = False
randomness = dict(seed=None, deterministic=False)
optim_wrapper = dict(
    optimizer=dict(type='SGD', lr=0.0001, momentum=0.9, weight_decay=0.0001))
param_scheduler = dict(
    type='MultiStepLR', by_epoch=True, milestones=[500, 300], gamma=0.1)
train_cfg = dict(by_epoch=True, max_epochs=2500, val_interval=1000)
val_cfg = dict()
auto_scale_lr = dict(base_batch_size=128)
num_classes = 222
optimizer_config = dict(
    type='GradientCumulativeOptimizerHook', cumulative_iters=4)
dataset_type = 'CustomDataset'
data_preprocessor = dict(
    mean=[124.508, 116.05, 106.438], std=[58.577, 57.31, 57.437], to_rgb=True)
train_pipeline = [
    dict(type='LoadImageFromFile'),
    dict(type='EfficientNetRandomCrop', scale=380),
    dict(type='RandomFlip', prob=0.5, direction='horizontal'),
    dict(type='PackClsInputs')
]
test_pipeline = [
    dict(type='LoadImageFromFile'),
    dict(type='EfficientNetCenterCrop', crop_size=380),
    dict(type='PackClsInputs')
]
classes = [
    'ABZ579', 'ABZ13', 'ABZ342', 'ABZ70', 'ABZ461', 'ABZ142', 'ABZ318',
    'ABZ231', 'ABZ1', 'ABZ480', 'ABZ533', 'ABZ449', 'ABZ75', 'ABZ354', 'ABZ61',
    'ABZ597', 'ABZ536', 'ABZ139', 'ABZ381', 'ABZ308', 'ABZ86', 'ABZ328',
    'ABZ330', 'ABZ69', 'ABZ214', 'ABZ73', 'ABZ545', 'ABZ15', 'ABZ295',
    'ABZ296', 'ABZ151', 'ABZ55', 'ABZ335', 'ABZ537', 'ABZ371', 'ABZ68',
    'ABZ457', 'ABZ84', 'ABZ366', 'ABZ5', 'ABZ353', 'ABZ396', 'ABZ411',
    'ABZ206', 'ABZ58', 'ABZ324', 'ABZ99', 'ABZ376', 'ABZ532', 'ABZ384',
    'ABZ334', 'ABZ383', 'ABZ74', 'ABZ59', 'ABZ343', 'ABZ145', 'ABZ589',
    'ABZ586', 'ABZ211', 'ABZ212', 'ABZ399', 'ABZ7', 'ABZ367', 'ABZ78',
    'ABZ115', 'ABZ322', 'ABZ207', 'ABZ38', 'ABZ319', 'ABZ144', 'ABZ85',
    'ABZ97', 'ABZ112', 'ABZ60', 'ABZ79', 'ABZ427', 'ABZ232', 'ABZ80', 'ABZ167',
    'ABZ312', 'ABZ535', 'ABZ52', 'ABZ172', 'ABZ331', 'ABZ554', 'ABZ314',
    'ABZ128', 'ABZ142a', 'ABZ12', 'ABZ331e+152i', 'ABZ401', 'ABZ147', 'ABZ440',
    'ABZ6', 'ABZ575', 'ABZ570', 'ABZ134', 'ABZ465', 'ABZ230', 'ABZ306',
    'ABZ148', 'ABZ339', 'ABZ397', 'ABZ472', 'ABZ441', 'ABZ412', 'ABZ104',
    'ABZ595', 'ABZ455', 'ABZ313', 'ABZ298', 'ABZ62', 'ABZ101', 'ABZ393',
    'ABZ483', 'ABZ471', 'ABZ111', 'ABZ87', 'ABZ538', 'ABZ468', 'ABZ138',
    'ABZ565', 'ABZ152', 'ABZ406', 'ABZ72', 'ABZ205', 'ABZ126', 'ABZ2', 'ABZ50',
    'ABZ94', 'ABZ529', 'ABZ307', 'ABZ143', 'ABZ124', 'ABZ164', 'ABZ559',
    'ABZ437', 'ABZ9', 'ABZ398', 'ABZ131'
]
train_dataset = dict(
    type='CustomDataset',
    data_prefix='data/ebl/train_set/train_set',
    classes=[
        'ABZ579', 'ABZ13', 'ABZ342', 'ABZ70', 'ABZ461', 'ABZ142', 'ABZ318',
        'ABZ231', 'ABZ1', 'ABZ480', 'ABZ533', 'ABZ449', 'ABZ75', 'ABZ354',
        'ABZ61', 'ABZ597', 'ABZ536', 'ABZ139', 'ABZ381', 'ABZ308', 'ABZ86',
        'ABZ328', 'ABZ330', 'ABZ69', 'ABZ214', 'ABZ73', 'ABZ545', 'ABZ15',
        'ABZ295', 'ABZ296', 'ABZ151', 'ABZ55', 'ABZ335', 'ABZ537', 'ABZ371',
        'ABZ68', 'ABZ457', 'ABZ84', 'ABZ366', 'ABZ5', 'ABZ353', 'ABZ396',
        'ABZ411', 'ABZ206', 'ABZ58', 'ABZ324', 'ABZ99', 'ABZ376', 'ABZ532',
        'ABZ384', 'ABZ334', 'ABZ383', 'ABZ74', 'ABZ59', 'ABZ343', 'ABZ145',
        'ABZ589', 'ABZ586', 'ABZ211', 'ABZ212', 'ABZ399', 'ABZ7', 'ABZ367',
        'ABZ78', 'ABZ115', 'ABZ322', 'ABZ207', 'ABZ38', 'ABZ319', 'ABZ144',
        'ABZ85', 'ABZ97', 'ABZ112', 'ABZ60', 'ABZ79', 'ABZ427', 'ABZ232',
        'ABZ80', 'ABZ167', 'ABZ312', 'ABZ535', 'ABZ52', 'ABZ172', 'ABZ331',
        'ABZ554', 'ABZ314', 'ABZ128', 'ABZ142a', 'ABZ12', 'ABZ331e+152i',
        'ABZ401', 'ABZ147', 'ABZ440', 'ABZ6', 'ABZ575', 'ABZ570', 'ABZ134',
        'ABZ465', 'ABZ230', 'ABZ306', 'ABZ148', 'ABZ339', 'ABZ397', 'ABZ472',
        'ABZ441', 'ABZ412', 'ABZ104', 'ABZ595', 'ABZ455', 'ABZ313', 'ABZ298',
        'ABZ62', 'ABZ101', 'ABZ393', 'ABZ483', 'ABZ471', 'ABZ111', 'ABZ87',
        'ABZ538', 'ABZ468', 'ABZ138', 'ABZ565', 'ABZ152', 'ABZ406', 'ABZ72',
        'ABZ205', 'ABZ126', 'ABZ2', 'ABZ50', 'ABZ94', 'ABZ529', 'ABZ307',
        'ABZ143', 'ABZ124', 'ABZ164', 'ABZ559', 'ABZ437', 'ABZ9', 'ABZ398',
        'ABZ131'
    ],
    pipeline=[
        dict(type='LoadImageFromFile'),
        dict(type='EfficientNetRandomCrop', scale=380),
        dict(type='RandomFlip', prob=0.5, direction='horizontal'),
        dict(type='PackClsInputs')
    ])
train_dataloader = dict(
    pin_memory=True,
    persistent_workers=True,
    collate_fn=dict(type='default_collate'),
    batch_size=32,
    num_workers=12,
    dataset=dict(
        type='ClassBalancedDataset',
        dataset=dict(
            type='CustomDataset',
            data_prefix='data/ebl/train_set/train_set',
            classes=[
                'ABZ579', 'ABZ13', 'ABZ342', 'ABZ70', 'ABZ461', 'ABZ142',
                'ABZ318', 'ABZ231', 'ABZ1', 'ABZ480', 'ABZ533', 'ABZ449',
                'ABZ75', 'ABZ354', 'ABZ61', 'ABZ597', 'ABZ536', 'ABZ139',
                'ABZ381', 'ABZ308', 'ABZ86', 'ABZ328', 'ABZ330', 'ABZ69',
                'ABZ214', 'ABZ73', 'ABZ545', 'ABZ15', 'ABZ295', 'ABZ296',
                'ABZ151', 'ABZ55', 'ABZ335', 'ABZ537', 'ABZ371', 'ABZ68',
                'ABZ457', 'ABZ84', 'ABZ366', 'ABZ5', 'ABZ353', 'ABZ396',
                'ABZ411', 'ABZ206', 'ABZ58', 'ABZ324', 'ABZ99', 'ABZ376',
                'ABZ532', 'ABZ384', 'ABZ334', 'ABZ383', 'ABZ74', 'ABZ59',
                'ABZ343', 'ABZ145', 'ABZ589', 'ABZ586', 'ABZ211', 'ABZ212',
                'ABZ399', 'ABZ7', 'ABZ367', 'ABZ78', 'ABZ115', 'ABZ322',
                'ABZ207', 'ABZ38', 'ABZ319', 'ABZ144', 'ABZ85', 'ABZ97',
                'ABZ112', 'ABZ60', 'ABZ79', 'ABZ427', 'ABZ232', 'ABZ80',
                'ABZ167', 'ABZ312', 'ABZ535', 'ABZ52', 'ABZ172', 'ABZ331',
                'ABZ554', 'ABZ314', 'ABZ128', 'ABZ142a', 'ABZ12',
                'ABZ331e+152i', 'ABZ401', 'ABZ147', 'ABZ440', 'ABZ6', 'ABZ575',
                'ABZ570', 'ABZ134', 'ABZ465', 'ABZ230', 'ABZ306', 'ABZ148',
                'ABZ339', 'ABZ397', 'ABZ472', 'ABZ441', 'ABZ412', 'ABZ104',
                'ABZ595', 'ABZ455', 'ABZ313', 'ABZ298', 'ABZ62', 'ABZ101',
                'ABZ393', 'ABZ483', 'ABZ471', 'ABZ111', 'ABZ87', 'ABZ538',
                'ABZ468', 'ABZ138', 'ABZ565', 'ABZ152', 'ABZ406', 'ABZ72',
                'ABZ205', 'ABZ126', 'ABZ2', 'ABZ50', 'ABZ94', 'ABZ529',
                'ABZ307', 'ABZ143', 'ABZ124', 'ABZ164', 'ABZ559', 'ABZ437',
                'ABZ9', 'ABZ398', 'ABZ131'
            ],
            pipeline=[
                dict(type='LoadImageFromFile'),
                dict(type='EfficientNetRandomCrop', scale=380),
                dict(type='RandomFlip', prob=0.5, direction='horizontal'),
                dict(type='PackClsInputs')
            ]),
        oversample_thr=0.001),
    sampler=dict(type='DefaultSampler', shuffle=True))
val_dataset = ({
    'type':
    'CustomDataset',
    'data_prefix':
    'data/ebl/test_set/test_set',
    'classes': [
        'ABZ579', 'ABZ13', 'ABZ342', 'ABZ70', 'ABZ461', 'ABZ142', 'ABZ318',
        'ABZ231', 'ABZ1', 'ABZ480', 'ABZ533', 'ABZ449', 'ABZ75', 'ABZ354',
        'ABZ61', 'ABZ597', 'ABZ536', 'ABZ139', 'ABZ381', 'ABZ308', 'ABZ86',
        'ABZ328', 'ABZ330', 'ABZ69', 'ABZ214', 'ABZ73', 'ABZ545', 'ABZ15',
        'ABZ295', 'ABZ296', 'ABZ151', 'ABZ55', 'ABZ335', 'ABZ537', 'ABZ371',
        'ABZ68', 'ABZ457', 'ABZ84', 'ABZ366', 'ABZ5', 'ABZ353', 'ABZ396',
        'ABZ411', 'ABZ206', 'ABZ58', 'ABZ324', 'ABZ99', 'ABZ376', 'ABZ532',
        'ABZ384', 'ABZ334', 'ABZ383', 'ABZ74', 'ABZ59', 'ABZ343', 'ABZ145',
        'ABZ589', 'ABZ586', 'ABZ211', 'ABZ212', 'ABZ399', 'ABZ7', 'ABZ367',
        'ABZ78', 'ABZ115', 'ABZ322', 'ABZ207', 'ABZ38', 'ABZ319', 'ABZ144',
        'ABZ85', 'ABZ97', 'ABZ112', 'ABZ60', 'ABZ79', 'ABZ427', 'ABZ232',
        'ABZ80', 'ABZ167', 'ABZ312', 'ABZ535', 'ABZ52', 'ABZ172', 'ABZ331',
        'ABZ554', 'ABZ314', 'ABZ128', 'ABZ142a', 'ABZ12', 'ABZ331e+152i',
        'ABZ401', 'ABZ147', 'ABZ440', 'ABZ6', 'ABZ575', 'ABZ570', 'ABZ134',
        'ABZ465', 'ABZ230', 'ABZ306', 'ABZ148', 'ABZ339', 'ABZ397', 'ABZ472',
        'ABZ441', 'ABZ412', 'ABZ104', 'ABZ595', 'ABZ455', 'ABZ313', 'ABZ298',
        'ABZ62', 'ABZ101', 'ABZ393', 'ABZ483', 'ABZ471', 'ABZ111', 'ABZ87',
        'ABZ538', 'ABZ468', 'ABZ138', 'ABZ565', 'ABZ152', 'ABZ406', 'ABZ72',
        'ABZ205', 'ABZ126', 'ABZ2', 'ABZ50', 'ABZ94', 'ABZ529', 'ABZ307',
        'ABZ143', 'ABZ124', 'ABZ164', 'ABZ559', 'ABZ437', 'ABZ9', 'ABZ398',
        'ABZ131'
    ],
    'pipeline': [{
        'type': 'LoadImageFromFile'
    }, {
        'type': 'EfficientNetCenterCrop',
        'crop_size': 380
    }, {
        'type': 'PackClsInputs'
    }]
}, )
val_dataloader = dict(
    pin_memory=True,
    persistent_workers=True,
    collate_fn=dict(type='default_collate'),
    batch_size=32,
    num_workers=12,
    dataset=dict(
        type='CustomDataset',
        data_prefix='data/ebl/train_set/train_set',
        classes=[
            'ABZ579', 'ABZ13', 'ABZ342', 'ABZ70', 'ABZ461', 'ABZ142', 'ABZ318',
            'ABZ231', 'ABZ1', 'ABZ480', 'ABZ533', 'ABZ449', 'ABZ75', 'ABZ354',
            'ABZ61', 'ABZ597', 'ABZ536', 'ABZ139', 'ABZ381', 'ABZ308', 'ABZ86',
            'ABZ328', 'ABZ330', 'ABZ69', 'ABZ214', 'ABZ73', 'ABZ545', 'ABZ15',
            'ABZ295', 'ABZ296', 'ABZ151', 'ABZ55', 'ABZ335', 'ABZ537',
            'ABZ371', 'ABZ68', 'ABZ457', 'ABZ84', 'ABZ366', 'ABZ5', 'ABZ353',
            'ABZ396', 'ABZ411', 'ABZ206', 'ABZ58', 'ABZ324', 'ABZ99', 'ABZ376',
            'ABZ532', 'ABZ384', 'ABZ334', 'ABZ383', 'ABZ74', 'ABZ59', 'ABZ343',
            'ABZ145', 'ABZ589', 'ABZ586', 'ABZ211', 'ABZ212', 'ABZ399', 'ABZ7',
            'ABZ367', 'ABZ78', 'ABZ115', 'ABZ322', 'ABZ207', 'ABZ38', 'ABZ319',
            'ABZ144', 'ABZ85', 'ABZ97', 'ABZ112', 'ABZ60', 'ABZ79', 'ABZ427',
            'ABZ232', 'ABZ80', 'ABZ167', 'ABZ312', 'ABZ535', 'ABZ52', 'ABZ172',
            'ABZ331', 'ABZ554', 'ABZ314', 'ABZ128', 'ABZ142a', 'ABZ12',
            'ABZ331e+152i', 'ABZ401', 'ABZ147', 'ABZ440', 'ABZ6', 'ABZ575',
            'ABZ570', 'ABZ134', 'ABZ465', 'ABZ230', 'ABZ306', 'ABZ148',
            'ABZ339', 'ABZ397', 'ABZ472', 'ABZ441', 'ABZ412', 'ABZ104',
            'ABZ595', 'ABZ455', 'ABZ313', 'ABZ298', 'ABZ62', 'ABZ101',
            'ABZ393', 'ABZ483', 'ABZ471', 'ABZ111', 'ABZ87', 'ABZ538',
            'ABZ468', 'ABZ138', 'ABZ565', 'ABZ152', 'ABZ406', 'ABZ72',
            'ABZ205', 'ABZ126', 'ABZ2', 'ABZ50', 'ABZ94', 'ABZ529', 'ABZ307',
            'ABZ143', 'ABZ124', 'ABZ164', 'ABZ559', 'ABZ437', 'ABZ9', 'ABZ398',
            'ABZ131'
        ],
        pipeline=[
            dict(type='LoadImageFromFile'),
            dict(type='EfficientNetRandomCrop', scale=380),
            dict(type='RandomFlip', prob=0.5, direction='horizontal'),
            dict(type='PackClsInputs')
        ]),
    sampler=dict(type='DefaultSampler', shuffle=False))
val_evaluator = [
    dict(type='Accuracy', topk=(1, 2, 3, 5)),
    dict(type='SingleLabelMetric', items=['precision', 'recall']),
    dict(type='AveragePrecision'),
    dict(type='MultiLabelMetric', average='macro'),
    dict(type='MultiLabelMetric', average='micro')
]
launcher = 'none'
work_dir = 'logs/efficient_net_1-reduced-lr'
test_dataloader = dict(
    pin_memory=True,
    persistent_workers=True,
    collate_fn=dict(type='default_collate'),
    batch_size=32,
    num_workers=12,
    dataset=dict(
        type='CustomDataset',
        data_prefix='data/ebl/train_set/train_set',
        classes=[
            'ABZ579', 'ABZ13', 'ABZ342', 'ABZ70', 'ABZ461', 'ABZ142', 'ABZ318',
            'ABZ231', 'ABZ1', 'ABZ480', 'ABZ533', 'ABZ449', 'ABZ75', 'ABZ354',
            'ABZ61', 'ABZ597', 'ABZ536', 'ABZ139', 'ABZ381', 'ABZ308', 'ABZ86',
            'ABZ328', 'ABZ330', 'ABZ69', 'ABZ214', 'ABZ73', 'ABZ545', 'ABZ15',
            'ABZ295', 'ABZ296', 'ABZ151', 'ABZ55', 'ABZ335', 'ABZ537',
            'ABZ371', 'ABZ68', 'ABZ457', 'ABZ84', 'ABZ366', 'ABZ5', 'ABZ353',
            'ABZ396', 'ABZ411', 'ABZ206', 'ABZ58', 'ABZ324', 'ABZ99', 'ABZ376',
            'ABZ532', 'ABZ384', 'ABZ334', 'ABZ383', 'ABZ74', 'ABZ59', 'ABZ343',
            'ABZ145', 'ABZ589', 'ABZ586', 'ABZ211', 'ABZ212', 'ABZ399', 'ABZ7',
            'ABZ367', 'ABZ78', 'ABZ115', 'ABZ322', 'ABZ207', 'ABZ38', 'ABZ319',
            'ABZ144', 'ABZ85', 'ABZ97', 'ABZ112', 'ABZ60', 'ABZ79', 'ABZ427',
            'ABZ232', 'ABZ80', 'ABZ167', 'ABZ312', 'ABZ535', 'ABZ52', 'ABZ172',
            'ABZ331', 'ABZ554', 'ABZ314', 'ABZ128', 'ABZ142a', 'ABZ12',
            'ABZ331e+152i', 'ABZ401', 'ABZ147', 'ABZ440', 'ABZ6', 'ABZ575',
            'ABZ570', 'ABZ134', 'ABZ465', 'ABZ230', 'ABZ306', 'ABZ148',
            'ABZ339', 'ABZ397', 'ABZ472', 'ABZ441', 'ABZ412', 'ABZ104',
            'ABZ595', 'ABZ455', 'ABZ313', 'ABZ298', 'ABZ62', 'ABZ101',
            'ABZ393', 'ABZ483', 'ABZ471', 'ABZ111', 'ABZ87', 'ABZ538',
            'ABZ468', 'ABZ138', 'ABZ565', 'ABZ152', 'ABZ406', 'ABZ72',
            'ABZ205', 'ABZ126', 'ABZ2', 'ABZ50', 'ABZ94', 'ABZ529', 'ABZ307',
            'ABZ143', 'ABZ124', 'ABZ164', 'ABZ559', 'ABZ437', 'ABZ9', 'ABZ398',
            'ABZ131'
        ],
        pipeline=[
            dict(type='LoadImageFromFile'),
            dict(type='EfficientNetRandomCrop', scale=380),
            dict(type='RandomFlip', prob=0.5, direction='horizontal'),
            dict(type='PackClsInputs')
        ]),
    sampler=dict(type='DefaultSampler', shuffle=False))
test_evaluator = [
    dict(type='Accuracy', topk=(1, 2, 3, 5)),
    dict(type='SingleLabelMetric', items=['precision', 'recall']),
    dict(type='AveragePrecision'),
    dict(type='MultiLabelMetric', average='macro'),
    dict(type='MultiLabelMetric', average='micro')
]
test_cfg = dict()

2023/05/08 18:00:52 - mmengine - INFO - Distributed training is not used, all SyncBatchNorm (SyncBN) layers in the model will be automatically reverted to BatchNormXd layers if they are used.
2023/05/08 18:00:52 - mmengine - INFO - Hooks will be executed in the following order:
before_run:
(VERY_HIGH   ) RuntimeInfoHook                    
(BELOW_NORMAL) LoggerHook                         
 -------------------- 
before_train:
(VERY_HIGH   ) RuntimeInfoHook                    
(NORMAL      ) IterTimerHook                      
(VERY_LOW    ) CheckpointHook                     
 -------------------- 
before_train_epoch:
(VERY_HIGH   ) RuntimeInfoHook                    
(NORMAL      ) IterTimerHook                      
(NORMAL      ) DistSamplerSeedHook                
 -------------------- 
before_train_iter:
(VERY_HIGH   ) RuntimeInfoHook                    
(NORMAL      ) IterTimerHook                      
 -------------------- 
after_train_iter:
(VERY_HIGH   ) RuntimeInfoHook                    
(NORMAL      ) IterTimerHook                      
(BELOW_NORMAL) LoggerHook                         
(LOW         ) ParamSchedulerHook                 
(VERY_LOW    ) CheckpointHook                     
 -------------------- 
after_train_epoch:
(NORMAL      ) IterTimerHook                      
(NORMAL      ) SyncBuffersHook                    
(LOW         ) ParamSchedulerHook                 
(VERY_LOW    ) CheckpointHook                     
 -------------------- 
before_val_epoch:
(NORMAL      ) IterTimerHook                      
(NORMAL      ) SyncBuffersHook                    
 -------------------- 
before_val_iter:
(NORMAL      ) IterTimerHook                      
 -------------------- 
after_val_iter:
(NORMAL      ) IterTimerHook                      
(BELOW_NORMAL) LoggerHook                         
 -------------------- 
after_val_epoch:
(VERY_HIGH   ) RuntimeInfoHook                    
(NORMAL      ) IterTimerHook                      
(BELOW_NORMAL) LoggerHook                         
(LOW         ) ParamSchedulerHook                 
(VERY_LOW    ) CheckpointHook                     
 -------------------- 
after_train:
(VERY_LOW    ) CheckpointHook                     
 -------------------- 
before_test_epoch:
(NORMAL      ) IterTimerHook                      
 -------------------- 
before_test_iter:
(NORMAL      ) IterTimerHook                      
 -------------------- 
after_test_iter:
(NORMAL      ) IterTimerHook                      
(BELOW_NORMAL) LoggerHook                         
 -------------------- 
after_test_epoch:
(VERY_HIGH   ) RuntimeInfoHook                    
(NORMAL      ) IterTimerHook                      
(BELOW_NORMAL) LoggerHook                         
 -------------------- 
after_run:
(BELOW_NORMAL) LoggerHook                         
 -------------------- 
2023/05/08 18:01:00 - mmengine - INFO - Load checkpoint from checkpoints/cross_even_tiniier/eff/epoch_700.pth
2023/05/08 18:01:48 - mmengine - WARNING - "FileClient" will be deprecated in future. Please use io functions in https://mmengine.readthedocs.io/en/latest/api/fileio.html#file-io
2023/05/08 18:01:48 - mmengine - WARNING - "HardDiskBackend" is the alias of "LocalBackend" and the former will be deprecated in future.
2023/05/08 18:01:48 - mmengine - WARNING - "FileClient" will be deprecated in future. Please use io functions in https://mmengine.readthedocs.io/en/latest/api/fileio.html#file-io
2023/05/08 18:01:48 - mmengine - WARNING - "HardDiskBackend" is the alias of "LocalBackend" and the former will be deprecated in future.
