2023/05/02 19:55:00 - mmengine - INFO - 
------------------------------------------------------------
System environment:
    sys.platform: linux
    Python: 3.10.10 (main, Mar  5 2023, 22:26:53) [GCC 12.2.1 20230201]
    CUDA available: True
    numpy_random_seed: 415105695
    GPU 0: NVIDIA GeForce RTX 2070
    CUDA_HOME: /opt/cuda
    NVCC: Cuda compilation tools, release 12.1, V12.1.66
    GCC: gcc (GCC) 12.2.1 20230201
    PyTorch: 2.0.0+cu117
    PyTorch compiling details: PyTorch built with:
  - GCC 9.3
  - C++ Version: 201703
  - Intel(R) oneAPI Math Kernel Library Version 2022.2-Product Build 20220804 for Intel(R) 64 architecture applications
  - Intel(R) MKL-DNN v2.7.3 (Git Hash 6dbeffbae1f23cbbeae17adb7b5b13f1f37c080e)
  - OpenMP 201511 (a.k.a. OpenMP 4.5)
  - LAPACK is enabled (usually provided by MKL)
  - NNPACK is enabled
  - CPU capability usage: AVX2
  - CUDA Runtime 11.7
  - NVCC architecture flags: -gencode;arch=compute_37,code=sm_37;-gencode;arch=compute_50,code=sm_50;-gencode;arch=compute_60,code=sm_60;-gencode;arch=compute_70,code=sm_70;-gencode;arch=compute_75,code=sm_75;-gencode;arch=compute_80,code=sm_80;-gencode;arch=compute_86,code=sm_86
  - CuDNN 8.5
  - Magma 2.6.1
  - Build settings: BLAS_INFO=mkl, BUILD_TYPE=Release, CUDA_VERSION=11.7, CUDNN_VERSION=8.5.0, CXX_COMPILER=/opt/rh/devtoolset-9/root/usr/bin/c++, CXX_FLAGS= -D_GLIBCXX_USE_CXX11_ABI=0 -fabi-version=11 -Wno-deprecated -fvisibility-inlines-hidden -DUSE_PTHREADPOOL -DNDEBUG -DUSE_KINETO -DLIBKINETO_NOROCTRACER -DUSE_FBGEMM -DUSE_QNNPACK -DUSE_PYTORCH_QNNPACK -DUSE_XNNPACK -DSYMBOLICATE_MOBILE_DEBUG_HANDLE -O2 -fPIC -Wall -Wextra -Werror=return-type -Werror=non-virtual-dtor -Werror=bool-operation -Wnarrowing -Wno-missing-field-initializers -Wno-type-limits -Wno-array-bounds -Wno-unknown-pragmas -Wunused-local-typedefs -Wno-unused-parameter -Wno-unused-function -Wno-unused-result -Wno-strict-overflow -Wno-strict-aliasing -Wno-error=deprecated-declarations -Wno-stringop-overflow -Wno-psabi -Wno-error=pedantic -Wno-error=redundant-decls -Wno-error=old-style-cast -fdiagnostics-color=always -faligned-new -Wno-unused-but-set-variable -Wno-maybe-uninitialized -fno-math-errno -fno-trapping-math -Werror=format -Werror=cast-function-type -Wno-stringop-overflow, LAPACK_INFO=mkl, PERF_WITH_AVX=1, PERF_WITH_AVX2=1, PERF_WITH_AVX512=1, TORCH_DISABLE_GPU_ASSERTS=ON, TORCH_VERSION=2.0.0, USE_CUDA=ON, USE_CUDNN=ON, USE_EXCEPTION_PTR=1, USE_GFLAGS=OFF, USE_GLOG=OFF, USE_MKL=ON, USE_MKLDNN=ON, USE_MPI=OFF, USE_NCCL=1, USE_NNPACK=ON, USE_OPENMP=ON, USE_ROCM=OFF, 

    TorchVision: 0.15.1+cu117
    OpenCV: 4.7.0
    MMEngine: 0.7.3

Runtime environment:
    cudnn_benchmark: False
    mp_cfg: {'mp_start_method': 'fork', 'opencv_num_threads': 0}
    dist_cfg: {'backend': 'nccl'}
    seed: None
    deterministic: False
    Distributed launcher: none
    Distributed training: False
    GPU number: 1
------------------------------------------------------------

2023/05/02 19:55:03 - mmengine - INFO - Config:
custom_imports = dict(imports=['efficient_net'], allow_failed_imports=False)
model = dict(
    type='ImageClassifier',
    backbone=dict(type='EfficientNet', arch='b0'),
    neck=dict(type='GlobalAveragePooling'),
    head=dict(
        type='LinearClsHead',
        num_classes=188,
        in_channels=1280,
        loss=dict(type='CrossEntropyLoss', loss_weight=1.0),
        topk=(1, 5)))
default_scope = 'mmdet'
default_hooks = dict(
    timer=dict(type='IterTimerHook'),
    param_scheduler=dict(type='ParamSchedulerHook'),
    checkpoint=dict(type='CheckpointHook', interval=50),
    sampler_seed=dict(type='DistSamplerSeedHook'),
    sync_buffer=dict(type='SyncBuffersHook'))
env_cfg = dict(
    cudnn_benchmark=False,
    mp_cfg=dict(mp_start_method='fork', opencv_num_threads=0),
    dist_cfg=dict(backend='nccl'))
vis_backends = [dict(type='LocalVisBackend')]
log_level = 'INFO'
load_from = 'checkpoints/efficient_net_450.pth'
resume = False
randomness = dict(seed=None, deterministic=False)
optim_wrapper = dict(
    optimizer=dict(type='SGD', lr=0.0001, momentum=0.9, weight_decay=0.0001))
param_scheduler = dict(
    type='MultiStepLR', by_epoch=True, milestones=[500, 300], gamma=0.1)
train_cfg = dict(by_epoch=True, max_epochs=2500, val_interval=1000)
val_cfg = dict()
auto_scale_lr = dict(base_batch_size=128)
num_classes = 222
optimizer_config = dict(
    type='GradientCumulativeOptimizerHook', cumulative_iters=4)
dataset_type = 'CustomDataset'
data_preprocessor = dict(
    mean=[124.508, 116.05, 106.438], std=[58.577, 57.31, 57.437], to_rgb=True)
train_pipeline = [
    dict(type='LoadImageFromFile'),
    dict(type='EfficientNetRandomCrop', scale=380),
    dict(type='RandomFlip', prob=0.5, direction='horizontal'),
    dict(type='PackClsInputs')
]
test_pipeline = [
    dict(type='LoadImageFromFile'),
    dict(type='EfficientNetCenterCrop', crop_size=380),
    dict(type='PackClsInputs')
]
classes = [
    'ABZ579', 'ABZ13', 'ABZ342', 'ABZ70', 'ABZ461', 'ABZ142', 'ABZ318',
    'ABZ231', 'ABZ1', 'ABZ480', 'ABZ533', 'ABZ449', 'ABZ75', 'ABZ354', 'ABZ61',
    'ABZ597', 'ABZ536', 'ABZ139', 'ABZ381', 'ABZ308', 'ABZ86', 'ABZ328',
    'ABZ330', 'ABZ69', 'ABZ214', 'ABZ73', 'ABZ545', 'ABZ15', 'ABZ295',
    'ABZ296', 'ABZ335', 'ABZ151', 'ABZ55', 'ABZ537', 'ABZ371', 'ABZ68',
    'ABZ457', 'ABZ84', 'ABZ366', 'ABZ5', 'ABZ353', 'ABZ411', 'ABZ396',
    'ABZ206', 'ABZ58', 'ABZ324', 'ABZ99', 'ABZ376', 'ABZ532', 'ABZ384',
    'ABZ334', 'ABZ383', 'ABZ74', 'ABZ59', 'ABZ343', 'ABZ145', 'ABZ589',
    'ABZ586', 'ABZ211', 'ABZ212', 'ABZ399', 'ABZ7', 'ABZ367', 'ABZ78',
    'ABZ115', 'ABZ207', 'ABZ322', 'ABZ38', 'ABZ319', 'ABZ85', 'ABZ144',
    'ABZ97', 'ABZ112', 'ABZ60', 'ABZ79', 'ABZ427', 'ABZ232', 'ABZ80', 'ABZ167',
    'ABZ312', 'ABZ535', 'ABZ52', 'ABZ172', 'ABZ331', 'ABZ554', 'ABZ314',
    'ABZ128', 'ABZ142a', 'ABZ12', 'ABZ331e+152i', 'ABZ401', 'ABZ147', 'ABZ575',
    'ABZ440', 'ABZ6', 'ABZ570', 'ABZ134', 'ABZ465', 'ABZ230', 'ABZ306',
    'ABZ148', 'ABZ339', 'ABZ397', 'ABZ472', 'ABZ412', 'ABZ441', 'ABZ104',
    'ABZ595', 'ABZ455', 'ABZ298', 'ABZ313', 'ABZ62', 'ABZ101', 'ABZ393',
    'ABZ483', 'ABZ471', 'ABZ87', 'ABZ111', 'ABZ538', 'ABZ468', 'ABZ138',
    'ABZ565', 'ABZ152', 'ABZ406', 'ABZ72', 'ABZ205', 'ABZ126', 'ABZ2', 'ABZ50',
    'ABZ94', 'ABZ529', 'ABZ307', 'ABZ143', 'ABZ124', 'ABZ164', 'ABZ559',
    'ABZ437', 'ABZ9', 'ABZ398', 'ABZ131', 'ABZ10', 'ABZ332', 'ABZ191',
    'ABZ195', 'ABZ56', 'ABZ215', 'ABZ481', 'ABZ170', 'ABZ209', 'ABZ433',
    'ABZ297', 'ABZ57', 'ABZ374', 'ABZ309', 'ABZ105', 'ABZ470', 'ABZ598a',
    'ABZ233', 'ABZ564', 'ABZ280', 'ABZ106', 'ABZ420', 'ABZ556', 'ABZ446',
    'ABZ346', 'ABZ321', 'ABZ337', 'ABZ350', 'ABZ88', 'ABZ81', 'ABZ574',
    'ABZ123', 'ABZ456', 'ABZ355', 'ABZ375', 'ABZ459', 'ABZ129a', 'ABZ133',
    'ABZ592', 'ABZ435', 'ABZ362', 'ABZ557', 'ABZ166', 'ABZ130', 'ABZ469',
    'NoABZ2174', 'ABZ515'
]
train_dataset = dict(
    type='CustomDataset',
    data_prefix='data/ebl/train_set/train_set',
    classes=[
        'ABZ579', 'ABZ13', 'ABZ342', 'ABZ70', 'ABZ461', 'ABZ142', 'ABZ318',
        'ABZ231', 'ABZ1', 'ABZ480', 'ABZ533', 'ABZ449', 'ABZ75', 'ABZ354',
        'ABZ61', 'ABZ597', 'ABZ536', 'ABZ139', 'ABZ381', 'ABZ308', 'ABZ86',
        'ABZ328', 'ABZ330', 'ABZ69', 'ABZ214', 'ABZ73', 'ABZ545', 'ABZ15',
        'ABZ295', 'ABZ296', 'ABZ335', 'ABZ151', 'ABZ55', 'ABZ537', 'ABZ371',
        'ABZ68', 'ABZ457', 'ABZ84', 'ABZ366', 'ABZ5', 'ABZ353', 'ABZ411',
        'ABZ396', 'ABZ206', 'ABZ58', 'ABZ324', 'ABZ99', 'ABZ376', 'ABZ532',
        'ABZ384', 'ABZ334', 'ABZ383', 'ABZ74', 'ABZ59', 'ABZ343', 'ABZ145',
        'ABZ589', 'ABZ586', 'ABZ211', 'ABZ212', 'ABZ399', 'ABZ7', 'ABZ367',
        'ABZ78', 'ABZ115', 'ABZ207', 'ABZ322', 'ABZ38', 'ABZ319', 'ABZ85',
        'ABZ144', 'ABZ97', 'ABZ112', 'ABZ60', 'ABZ79', 'ABZ427', 'ABZ232',
        'ABZ80', 'ABZ167', 'ABZ312', 'ABZ535', 'ABZ52', 'ABZ172', 'ABZ331',
        'ABZ554', 'ABZ314', 'ABZ128', 'ABZ142a', 'ABZ12', 'ABZ331e+152i',
        'ABZ401', 'ABZ147', 'ABZ575', 'ABZ440', 'ABZ6', 'ABZ570', 'ABZ134',
        'ABZ465', 'ABZ230', 'ABZ306', 'ABZ148', 'ABZ339', 'ABZ397', 'ABZ472',
        'ABZ412', 'ABZ441', 'ABZ104', 'ABZ595', 'ABZ455', 'ABZ298', 'ABZ313',
        'ABZ62', 'ABZ101', 'ABZ393', 'ABZ483', 'ABZ471', 'ABZ87', 'ABZ111',
        'ABZ538', 'ABZ468', 'ABZ138', 'ABZ565', 'ABZ152', 'ABZ406', 'ABZ72',
        'ABZ205', 'ABZ126', 'ABZ2', 'ABZ50', 'ABZ94', 'ABZ529', 'ABZ307',
        'ABZ143', 'ABZ124', 'ABZ164', 'ABZ559', 'ABZ437', 'ABZ9', 'ABZ398',
        'ABZ131', 'ABZ10', 'ABZ332', 'ABZ191', 'ABZ195', 'ABZ56', 'ABZ215',
        'ABZ481', 'ABZ170', 'ABZ209', 'ABZ433', 'ABZ297', 'ABZ57', 'ABZ374',
        'ABZ309', 'ABZ105', 'ABZ470', 'ABZ598a', 'ABZ233', 'ABZ564', 'ABZ280',
        'ABZ106', 'ABZ420', 'ABZ556', 'ABZ446', 'ABZ346', 'ABZ321', 'ABZ337',
        'ABZ350', 'ABZ88', 'ABZ81', 'ABZ574', 'ABZ123', 'ABZ456', 'ABZ355',
        'ABZ375', 'ABZ459', 'ABZ129a', 'ABZ133', 'ABZ592', 'ABZ435', 'ABZ362',
        'ABZ557', 'ABZ166', 'ABZ130', 'ABZ469', 'NoABZ2174', 'ABZ515'
    ],
    pipeline=[
        dict(type='LoadImageFromFile'),
        dict(type='EfficientNetRandomCrop', scale=380),
        dict(type='RandomFlip', prob=0.5, direction='horizontal'),
        dict(type='PackClsInputs')
    ])
train_dataloader = dict(
    pin_memory=True,
    persistent_workers=True,
    collate_fn=dict(type='default_collate'),
    batch_size=32,
    num_workers=12,
    dataset=dict(
        type='ClassBalancedDataset',
        dataset=dict(
            type='CustomDataset',
            data_prefix='data/ebl/train_set/train_set',
            classes=[
                'ABZ579', 'ABZ13', 'ABZ342', 'ABZ70', 'ABZ461', 'ABZ142',
                'ABZ318', 'ABZ231', 'ABZ1', 'ABZ480', 'ABZ533', 'ABZ449',
                'ABZ75', 'ABZ354', 'ABZ61', 'ABZ597', 'ABZ536', 'ABZ139',
                'ABZ381', 'ABZ308', 'ABZ86', 'ABZ328', 'ABZ330', 'ABZ69',
                'ABZ214', 'ABZ73', 'ABZ545', 'ABZ15', 'ABZ295', 'ABZ296',
                'ABZ335', 'ABZ151', 'ABZ55', 'ABZ537', 'ABZ371', 'ABZ68',
                'ABZ457', 'ABZ84', 'ABZ366', 'ABZ5', 'ABZ353', 'ABZ411',
                'ABZ396', 'ABZ206', 'ABZ58', 'ABZ324', 'ABZ99', 'ABZ376',
                'ABZ532', 'ABZ384', 'ABZ334', 'ABZ383', 'ABZ74', 'ABZ59',
                'ABZ343', 'ABZ145', 'ABZ589', 'ABZ586', 'ABZ211', 'ABZ212',
                'ABZ399', 'ABZ7', 'ABZ367', 'ABZ78', 'ABZ115', 'ABZ207',
                'ABZ322', 'ABZ38', 'ABZ319', 'ABZ85', 'ABZ144', 'ABZ97',
                'ABZ112', 'ABZ60', 'ABZ79', 'ABZ427', 'ABZ232', 'ABZ80',
                'ABZ167', 'ABZ312', 'ABZ535', 'ABZ52', 'ABZ172', 'ABZ331',
                'ABZ554', 'ABZ314', 'ABZ128', 'ABZ142a', 'ABZ12',
                'ABZ331e+152i', 'ABZ401', 'ABZ147', 'ABZ575', 'ABZ440', 'ABZ6',
                'ABZ570', 'ABZ134', 'ABZ465', 'ABZ230', 'ABZ306', 'ABZ148',
                'ABZ339', 'ABZ397', 'ABZ472', 'ABZ412', 'ABZ441', 'ABZ104',
                'ABZ595', 'ABZ455', 'ABZ298', 'ABZ313', 'ABZ62', 'ABZ101',
                'ABZ393', 'ABZ483', 'ABZ471', 'ABZ87', 'ABZ111', 'ABZ538',
                'ABZ468', 'ABZ138', 'ABZ565', 'ABZ152', 'ABZ406', 'ABZ72',
                'ABZ205', 'ABZ126', 'ABZ2', 'ABZ50', 'ABZ94', 'ABZ529',
                'ABZ307', 'ABZ143', 'ABZ124', 'ABZ164', 'ABZ559', 'ABZ437',
                'ABZ9', 'ABZ398', 'ABZ131', 'ABZ10', 'ABZ332', 'ABZ191',
                'ABZ195', 'ABZ56', 'ABZ215', 'ABZ481', 'ABZ170', 'ABZ209',
                'ABZ433', 'ABZ297', 'ABZ57', 'ABZ374', 'ABZ309', 'ABZ105',
                'ABZ470', 'ABZ598a', 'ABZ233', 'ABZ564', 'ABZ280', 'ABZ106',
                'ABZ420', 'ABZ556', 'ABZ446', 'ABZ346', 'ABZ321', 'ABZ337',
                'ABZ350', 'ABZ88', 'ABZ81', 'ABZ574', 'ABZ123', 'ABZ456',
                'ABZ355', 'ABZ375', 'ABZ459', 'ABZ129a', 'ABZ133', 'ABZ592',
                'ABZ435', 'ABZ362', 'ABZ557', 'ABZ166', 'ABZ130', 'ABZ469',
                'NoABZ2174', 'ABZ515'
            ],
            pipeline=[
                dict(type='LoadImageFromFile'),
                dict(type='EfficientNetRandomCrop', scale=380),
                dict(type='RandomFlip', prob=0.5, direction='horizontal'),
                dict(type='PackClsInputs')
            ]),
        oversample_thr=0.001),
    sampler=dict(type='DefaultSampler', shuffle=True))
val_dataset = ({
    'type':
    'CustomDataset',
    'data_prefix':
    'data/ebl/test_set/test_set',
    'classes': [
        'ABZ579', 'ABZ13', 'ABZ342', 'ABZ70', 'ABZ461', 'ABZ142', 'ABZ318',
        'ABZ231', 'ABZ1', 'ABZ480', 'ABZ533', 'ABZ449', 'ABZ75', 'ABZ354',
        'ABZ61', 'ABZ597', 'ABZ536', 'ABZ139', 'ABZ381', 'ABZ308', 'ABZ86',
        'ABZ328', 'ABZ330', 'ABZ69', 'ABZ214', 'ABZ73', 'ABZ545', 'ABZ15',
        'ABZ295', 'ABZ296', 'ABZ335', 'ABZ151', 'ABZ55', 'ABZ537', 'ABZ371',
        'ABZ68', 'ABZ457', 'ABZ84', 'ABZ366', 'ABZ5', 'ABZ353', 'ABZ411',
        'ABZ396', 'ABZ206', 'ABZ58', 'ABZ324', 'ABZ99', 'ABZ376', 'ABZ532',
        'ABZ384', 'ABZ334', 'ABZ383', 'ABZ74', 'ABZ59', 'ABZ343', 'ABZ145',
        'ABZ589', 'ABZ586', 'ABZ211', 'ABZ212', 'ABZ399', 'ABZ7', 'ABZ367',
        'ABZ78', 'ABZ115', 'ABZ207', 'ABZ322', 'ABZ38', 'ABZ319', 'ABZ85',
        'ABZ144', 'ABZ97', 'ABZ112', 'ABZ60', 'ABZ79', 'ABZ427', 'ABZ232',
        'ABZ80', 'ABZ167', 'ABZ312', 'ABZ535', 'ABZ52', 'ABZ172', 'ABZ331',
        'ABZ554', 'ABZ314', 'ABZ128', 'ABZ142a', 'ABZ12', 'ABZ331e+152i',
        'ABZ401', 'ABZ147', 'ABZ575', 'ABZ440', 'ABZ6', 'ABZ570', 'ABZ134',
        'ABZ465', 'ABZ230', 'ABZ306', 'ABZ148', 'ABZ339', 'ABZ397', 'ABZ472',
        'ABZ412', 'ABZ441', 'ABZ104', 'ABZ595', 'ABZ455', 'ABZ298', 'ABZ313',
        'ABZ62', 'ABZ101', 'ABZ393', 'ABZ483', 'ABZ471', 'ABZ87', 'ABZ111',
        'ABZ538', 'ABZ468', 'ABZ138', 'ABZ565', 'ABZ152', 'ABZ406', 'ABZ72',
        'ABZ205', 'ABZ126', 'ABZ2', 'ABZ50', 'ABZ94', 'ABZ529', 'ABZ307',
        'ABZ143', 'ABZ124', 'ABZ164', 'ABZ559', 'ABZ437', 'ABZ9', 'ABZ398',
        'ABZ131', 'ABZ10', 'ABZ332', 'ABZ191', 'ABZ195', 'ABZ56', 'ABZ215',
        'ABZ481', 'ABZ170', 'ABZ209', 'ABZ433', 'ABZ297', 'ABZ57', 'ABZ374',
        'ABZ309', 'ABZ105', 'ABZ470', 'ABZ598a', 'ABZ233', 'ABZ564', 'ABZ280',
        'ABZ106', 'ABZ420', 'ABZ556', 'ABZ446', 'ABZ346', 'ABZ321', 'ABZ337',
        'ABZ350', 'ABZ88', 'ABZ81', 'ABZ574', 'ABZ123', 'ABZ456', 'ABZ355',
        'ABZ375', 'ABZ459', 'ABZ129a', 'ABZ133', 'ABZ592', 'ABZ435', 'ABZ362',
        'ABZ557', 'ABZ166', 'ABZ130', 'ABZ469', 'NoABZ2174', 'ABZ515'
    ],
    'pipeline': [{
        'type': 'LoadImageFromFile'
    }, {
        'type': 'EfficientNetCenterCrop',
        'crop_size': 380
    }, {
        'type': 'PackClsInputs'
    }]
}, )
val_dataloader = dict(
    pin_memory=True,
    persistent_workers=True,
    collate_fn=dict(type='default_collate'),
    batch_size=32,
    num_workers=12,
    dataset=dict(
        type='CustomDataset',
        data_prefix='data/ebl/train_set/train_set',
        classes=[
            'ABZ579', 'ABZ13', 'ABZ342', 'ABZ70', 'ABZ461', 'ABZ142', 'ABZ318',
            'ABZ231', 'ABZ1', 'ABZ480', 'ABZ533', 'ABZ449', 'ABZ75', 'ABZ354',
            'ABZ61', 'ABZ597', 'ABZ536', 'ABZ139', 'ABZ381', 'ABZ308', 'ABZ86',
            'ABZ328', 'ABZ330', 'ABZ69', 'ABZ214', 'ABZ73', 'ABZ545', 'ABZ15',
            'ABZ295', 'ABZ296', 'ABZ335', 'ABZ151', 'ABZ55', 'ABZ537',
            'ABZ371', 'ABZ68', 'ABZ457', 'ABZ84', 'ABZ366', 'ABZ5', 'ABZ353',
            'ABZ411', 'ABZ396', 'ABZ206', 'ABZ58', 'ABZ324', 'ABZ99', 'ABZ376',
            'ABZ532', 'ABZ384', 'ABZ334', 'ABZ383', 'ABZ74', 'ABZ59', 'ABZ343',
            'ABZ145', 'ABZ589', 'ABZ586', 'ABZ211', 'ABZ212', 'ABZ399', 'ABZ7',
            'ABZ367', 'ABZ78', 'ABZ115', 'ABZ207', 'ABZ322', 'ABZ38', 'ABZ319',
            'ABZ85', 'ABZ144', 'ABZ97', 'ABZ112', 'ABZ60', 'ABZ79', 'ABZ427',
            'ABZ232', 'ABZ80', 'ABZ167', 'ABZ312', 'ABZ535', 'ABZ52', 'ABZ172',
            'ABZ331', 'ABZ554', 'ABZ314', 'ABZ128', 'ABZ142a', 'ABZ12',
            'ABZ331e+152i', 'ABZ401', 'ABZ147', 'ABZ575', 'ABZ440', 'ABZ6',
            'ABZ570', 'ABZ134', 'ABZ465', 'ABZ230', 'ABZ306', 'ABZ148',
            'ABZ339', 'ABZ397', 'ABZ472', 'ABZ412', 'ABZ441', 'ABZ104',
            'ABZ595', 'ABZ455', 'ABZ298', 'ABZ313', 'ABZ62', 'ABZ101',
            'ABZ393', 'ABZ483', 'ABZ471', 'ABZ87', 'ABZ111', 'ABZ538',
            'ABZ468', 'ABZ138', 'ABZ565', 'ABZ152', 'ABZ406', 'ABZ72',
            'ABZ205', 'ABZ126', 'ABZ2', 'ABZ50', 'ABZ94', 'ABZ529', 'ABZ307',
            'ABZ143', 'ABZ124', 'ABZ164', 'ABZ559', 'ABZ437', 'ABZ9', 'ABZ398',
            'ABZ131', 'ABZ10', 'ABZ332', 'ABZ191', 'ABZ195', 'ABZ56', 'ABZ215',
            'ABZ481', 'ABZ170', 'ABZ209', 'ABZ433', 'ABZ297', 'ABZ57',
            'ABZ374', 'ABZ309', 'ABZ105', 'ABZ470', 'ABZ598a', 'ABZ233',
            'ABZ564', 'ABZ280', 'ABZ106', 'ABZ420', 'ABZ556', 'ABZ446',
            'ABZ346', 'ABZ321', 'ABZ337', 'ABZ350', 'ABZ88', 'ABZ81', 'ABZ574',
            'ABZ123', 'ABZ456', 'ABZ355', 'ABZ375', 'ABZ459', 'ABZ129a',
            'ABZ133', 'ABZ592', 'ABZ435', 'ABZ362', 'ABZ557', 'ABZ166',
            'ABZ130', 'ABZ469', 'NoABZ2174', 'ABZ515'
        ],
        pipeline=[
            dict(type='LoadImageFromFile'),
            dict(type='EfficientNetRandomCrop', scale=380),
            dict(type='RandomFlip', prob=0.5, direction='horizontal'),
            dict(type='PackClsInputs')
        ]),
    sampler=dict(type='DefaultSampler', shuffle=False))
val_evaluator = [
    dict(type='Accuracy', topk=(1, 2, 3, 5)),
    dict(type='SingleLabelMetric', items=['precision', 'recall']),
    dict(type='AveragePrecision'),
    dict(type='MultiLabelMetric', average='macro'),
    dict(type='MultiLabelMetric', average='micro')
]
launcher = 'none'
work_dir = 'logs/efficient_net_1-reduced-lr'
test_dataloader = dict(
    pin_memory=True,
    persistent_workers=True,
    collate_fn=dict(type='default_collate'),
    batch_size=32,
    num_workers=12,
    dataset=dict(
        type='CustomDataset',
        data_prefix='data/ebl/train_set/train_set',
        classes=[
            'ABZ579', 'ABZ13', 'ABZ342', 'ABZ70', 'ABZ461', 'ABZ142', 'ABZ318',
            'ABZ231', 'ABZ1', 'ABZ480', 'ABZ533', 'ABZ449', 'ABZ75', 'ABZ354',
            'ABZ61', 'ABZ597', 'ABZ536', 'ABZ139', 'ABZ381', 'ABZ308', 'ABZ86',
            'ABZ328', 'ABZ330', 'ABZ69', 'ABZ214', 'ABZ73', 'ABZ545', 'ABZ15',
            'ABZ295', 'ABZ296', 'ABZ335', 'ABZ151', 'ABZ55', 'ABZ537',
            'ABZ371', 'ABZ68', 'ABZ457', 'ABZ84', 'ABZ366', 'ABZ5', 'ABZ353',
            'ABZ411', 'ABZ396', 'ABZ206', 'ABZ58', 'ABZ324', 'ABZ99', 'ABZ376',
            'ABZ532', 'ABZ384', 'ABZ334', 'ABZ383', 'ABZ74', 'ABZ59', 'ABZ343',
            'ABZ145', 'ABZ589', 'ABZ586', 'ABZ211', 'ABZ212', 'ABZ399', 'ABZ7',
            'ABZ367', 'ABZ78', 'ABZ115', 'ABZ207', 'ABZ322', 'ABZ38', 'ABZ319',
            'ABZ85', 'ABZ144', 'ABZ97', 'ABZ112', 'ABZ60', 'ABZ79', 'ABZ427',
            'ABZ232', 'ABZ80', 'ABZ167', 'ABZ312', 'ABZ535', 'ABZ52', 'ABZ172',
            'ABZ331', 'ABZ554', 'ABZ314', 'ABZ128', 'ABZ142a', 'ABZ12',
            'ABZ331e+152i', 'ABZ401', 'ABZ147', 'ABZ575', 'ABZ440', 'ABZ6',
            'ABZ570', 'ABZ134', 'ABZ465', 'ABZ230', 'ABZ306', 'ABZ148',
            'ABZ339', 'ABZ397', 'ABZ472', 'ABZ412', 'ABZ441', 'ABZ104',
            'ABZ595', 'ABZ455', 'ABZ298', 'ABZ313', 'ABZ62', 'ABZ101',
            'ABZ393', 'ABZ483', 'ABZ471', 'ABZ87', 'ABZ111', 'ABZ538',
            'ABZ468', 'ABZ138', 'ABZ565', 'ABZ152', 'ABZ406', 'ABZ72',
            'ABZ205', 'ABZ126', 'ABZ2', 'ABZ50', 'ABZ94', 'ABZ529', 'ABZ307',
            'ABZ143', 'ABZ124', 'ABZ164', 'ABZ559', 'ABZ437', 'ABZ9', 'ABZ398',
            'ABZ131', 'ABZ10', 'ABZ332', 'ABZ191', 'ABZ195', 'ABZ56', 'ABZ215',
            'ABZ481', 'ABZ170', 'ABZ209', 'ABZ433', 'ABZ297', 'ABZ57',
            'ABZ374', 'ABZ309', 'ABZ105', 'ABZ470', 'ABZ598a', 'ABZ233',
            'ABZ564', 'ABZ280', 'ABZ106', 'ABZ420', 'ABZ556', 'ABZ446',
            'ABZ346', 'ABZ321', 'ABZ337', 'ABZ350', 'ABZ88', 'ABZ81', 'ABZ574',
            'ABZ123', 'ABZ456', 'ABZ355', 'ABZ375', 'ABZ459', 'ABZ129a',
            'ABZ133', 'ABZ592', 'ABZ435', 'ABZ362', 'ABZ557', 'ABZ166',
            'ABZ130', 'ABZ469', 'NoABZ2174', 'ABZ515'
        ],
        pipeline=[
            dict(type='LoadImageFromFile'),
            dict(type='EfficientNetRandomCrop', scale=380),
            dict(type='RandomFlip', prob=0.5, direction='horizontal'),
            dict(type='PackClsInputs')
        ]),
    sampler=dict(type='DefaultSampler', shuffle=False))
test_evaluator = [
    dict(type='Accuracy', topk=(1, 2, 3, 5)),
    dict(type='SingleLabelMetric', items=['precision', 'recall']),
    dict(type='AveragePrecision'),
    dict(type='MultiLabelMetric', average='macro'),
    dict(type='MultiLabelMetric', average='micro')
]
test_cfg = dict()

2023/05/02 19:55:05 - mmengine - INFO - Distributed training is not used, all SyncBatchNorm (SyncBN) layers in the model will be automatically reverted to BatchNormXd layers if they are used.
2023/05/02 19:55:05 - mmengine - INFO - Hooks will be executed in the following order:
before_run:
(VERY_HIGH   ) RuntimeInfoHook                    
(BELOW_NORMAL) LoggerHook                         
 -------------------- 
before_train:
(VERY_HIGH   ) RuntimeInfoHook                    
(NORMAL      ) IterTimerHook                      
(VERY_LOW    ) CheckpointHook                     
 -------------------- 
before_train_epoch:
(VERY_HIGH   ) RuntimeInfoHook                    
(NORMAL      ) IterTimerHook                      
(NORMAL      ) DistSamplerSeedHook                
 -------------------- 
before_train_iter:
(VERY_HIGH   ) RuntimeInfoHook                    
(NORMAL      ) IterTimerHook                      
 -------------------- 
after_train_iter:
(VERY_HIGH   ) RuntimeInfoHook                    
(NORMAL      ) IterTimerHook                      
(BELOW_NORMAL) LoggerHook                         
(LOW         ) ParamSchedulerHook                 
(VERY_LOW    ) CheckpointHook                     
 -------------------- 
after_train_epoch:
(NORMAL      ) IterTimerHook                      
(NORMAL      ) SyncBuffersHook                    
(LOW         ) ParamSchedulerHook                 
(VERY_LOW    ) CheckpointHook                     
 -------------------- 
before_val_epoch:
(NORMAL      ) IterTimerHook                      
(NORMAL      ) SyncBuffersHook                    
 -------------------- 
before_val_iter:
(NORMAL      ) IterTimerHook                      
 -------------------- 
after_val_iter:
(NORMAL      ) IterTimerHook                      
(BELOW_NORMAL) LoggerHook                         
 -------------------- 
after_val_epoch:
(VERY_HIGH   ) RuntimeInfoHook                    
(NORMAL      ) IterTimerHook                      
(BELOW_NORMAL) LoggerHook                         
(LOW         ) ParamSchedulerHook                 
(VERY_LOW    ) CheckpointHook                     
 -------------------- 
after_train:
(VERY_LOW    ) CheckpointHook                     
 -------------------- 
before_test_epoch:
(NORMAL      ) IterTimerHook                      
 -------------------- 
before_test_iter:
(NORMAL      ) IterTimerHook                      
 -------------------- 
after_test_iter:
(NORMAL      ) IterTimerHook                      
(BELOW_NORMAL) LoggerHook                         
 -------------------- 
after_test_epoch:
(VERY_HIGH   ) RuntimeInfoHook                    
(NORMAL      ) IterTimerHook                      
(BELOW_NORMAL) LoggerHook                         
 -------------------- 
after_run:
(BELOW_NORMAL) LoggerHook                         
 -------------------- 
2023/05/02 19:55:08 - mmengine - INFO - Load checkpoint from checkpoints/efficient_net_450.pth
2023/05/02 19:55:28 - mmengine - WARNING - "FileClient" will be deprecated in future. Please use io functions in https://mmengine.readthedocs.io/en/latest/api/fileio.html#file-io
2023/05/02 19:55:28 - mmengine - WARNING - "HardDiskBackend" is the alias of "LocalBackend" and the former will be deprecated in future.
2023/05/02 19:55:28 - mmengine - WARNING - "FileClient" will be deprecated in future. Please use io functions in https://mmengine.readthedocs.io/en/latest/api/fileio.html#file-io
2023/05/02 19:55:28 - mmengine - WARNING - "HardDiskBackend" is the alias of "LocalBackend" and the former will be deprecated in future.
2023/05/02 19:57:13 - mmengine - INFO - 
---------------iou_thr: 0.3---------------
2023/05/02 19:57:13 - mmengine - INFO - 
+--------------+-----+------+--------+-------+
| class        | gts | dets | recall | ap    |
+--------------+-----+------+--------+-------+
| ABZ579       | 63  | 0    | 0.000  | 0.000 |
| ABZ13        | 34  | 195  | 0.088  | 0.004 |
| ABZ342       | 16  | 0    | 0.000  | 0.000 |
| ABZ70        | 26  | 0    | 0.000  | 0.000 |
| ABZ461       | 14  | 0    | 0.000  | 0.000 |
| ABZ142       | 21  | 0    | 0.000  | 0.000 |
| ABZ318       | 9   | 0    | 0.000  | 0.000 |
| ABZ231       | 30  | 0    | 0.000  | 0.000 |
| ABZ1         | 27  | 0    | 0.000  | 0.000 |
| ABZ480       | 53  | 0    | 0.000  | 0.000 |
| ABZ533       | 21  | 0    | 0.000  | 0.000 |
| ABZ449       | 37  | 1    | 0.000  | 0.000 |
| ABZ75        | 14  | 1    | 0.000  | 0.000 |
| ABZ354       | 7   | 0    | 0.000  | 0.000 |
| ABZ61        | 10  | 2    | 0.000  | 0.000 |
| ABZ597       | 8   | 34   | 0.000  | 0.000 |
| ABZ536       | 7   | 17   | 0.143  | 0.020 |
| ABZ139       | 14  | 0    | 0.000  | 0.000 |
| ABZ381       | 18  | 0    | 0.000  | 0.000 |
| ABZ308       | 14  | 0    | 0.000  | 0.000 |
| ABZ86        | 14  | 3    | 0.000  | 0.000 |
| ABZ328       | 5   | 7    | 0.000  | 0.000 |
| ABZ330       | 15  | 0    | 0.000  | 0.000 |
| ABZ69        | 4   | 0    | 0.000  | 0.000 |
| ABZ214       | 7   | 0    | 0.000  | 0.000 |
| ABZ73        | 6   | 0    | 0.000  | 0.000 |
| ABZ545       | 8   | 0    | 0.000  | 0.000 |
| ABZ15        | 22  | 1    | 0.045  | 0.091 |
| ABZ295       | 19  | 0    | 0.000  | 0.000 |
| ABZ296       | 5   | 0    | 0.000  | 0.000 |
| ABZ335       | 9   | 0    | 0.000  | 0.000 |
| ABZ151       | 0   | 0    | 0.000  | 0.000 |
| ABZ55        | 16  | 11   | 0.000  | 0.000 |
| ABZ537       | 6   | 2    | 0.000  | 0.000 |
| ABZ371       | 13  | 0    | 0.000  | 0.000 |
| ABZ68        | 3   | 0    | 0.000  | 0.000 |
| ABZ457       | 13  | 0    | 0.000  | 0.000 |
| ABZ84        | 2   | 0    | 0.000  | 0.000 |
| ABZ366       | 2   | 0    | 0.000  | 0.000 |
| ABZ5         | 9   | 0    | 0.000  | 0.000 |
| ABZ353       | 10  | 0    | 0.000  | 0.000 |
| ABZ411       | 13  | 0    | 0.000  | 0.000 |
| ABZ396       | 5   | 0    | 0.000  | 0.000 |
| ABZ206       | 5   | 3    | 0.000  | 0.000 |
| ABZ58        | 6   | 0    | 0.000  | 0.000 |
| ABZ324       | 9   | 0    | 0.000  | 0.000 |
| ABZ99        | 4   | 0    | 0.000  | 0.000 |
| ABZ376       | 7   | 0    | 0.000  | 0.000 |
| ABZ532       | 8   | 0    | 0.000  | 0.000 |
| ABZ384       | 10  | 1    | 0.000  | 0.000 |
| ABZ334       | 2   | 0    | 0.000  | 0.000 |
| ABZ383       | 1   | 5    | 0.000  | 0.000 |
| ABZ74        | 0   | 0    | 0.000  | 0.000 |
| ABZ59        | 8   | 0    | 0.000  | 0.000 |
| ABZ343       | 4   | 0    | 0.000  | 0.000 |
| ABZ145       | 4   | 1    | 0.000  | 0.000 |
| ABZ589       | 7   | 0    | 0.000  | 0.000 |
| ABZ586       | 6   | 0    | 0.000  | 0.000 |
| ABZ211       | 0   | 6    | 0.000  | 0.000 |
| ABZ212       | 2   | 0    | 0.000  | 0.000 |
| ABZ399       | 2   | 0    | 0.000  | 0.000 |
| ABZ7         | 5   | 0    | 0.000  | 0.000 |
| ABZ367       | 1   | 0    | 0.000  | 0.000 |
| ABZ78        | 2   | 0    | 0.000  | 0.000 |
| ABZ115       | 1   | 20   | 0.000  | 0.000 |
| ABZ207       | 0   | 0    | 0.000  | 0.000 |
| ABZ322       | 2   | 0    | 0.000  | 0.000 |
| ABZ38        | 8   | 1    | 0.000  | 0.000 |
| ABZ319       | 5   | 0    | 0.000  | 0.000 |
| ABZ85        | 0   | 0    | 0.000  | 0.000 |
| ABZ144       | 3   | 0    | 0.000  | 0.000 |
| ABZ97        | 3   | 2    | 0.000  | 0.000 |
| ABZ112       | 7   | 2    | 0.000  | 0.000 |
| ABZ60        | 15  | 0    | 0.000  | 0.000 |
| ABZ79        | 0   | 0    | 0.000  | 0.000 |
| ABZ427       | 1   | 0    | 0.000  | 0.000 |
| ABZ232       | 2   | 1    | 0.000  | 0.000 |
| ABZ80        | 2   | 0    | 0.000  | 0.000 |
| ABZ167       | 1   | 0    | 0.000  | 0.000 |
| ABZ312       | 4   | 0    | 0.000  | 0.000 |
| ABZ535       | 1   | 0    | 0.000  | 0.000 |
| ABZ52        | 1   | 0    | 0.000  | 0.000 |
| ABZ172       | 0   | 0    | 0.000  | 0.000 |
| ABZ331       | 0   | 1    | 0.000  | 0.000 |
| ABZ554       | 1   | 0    | 0.000  | 0.000 |
| ABZ314       | 6   | 1    | 0.000  | 0.000 |
| ABZ128       | 0   | 0    | 0.000  | 0.000 |
| ABZ142a      | 11  | 1    | 0.000  | 0.000 |
| ABZ12        | 6   | 0    | 0.000  | 0.000 |
| ABZ331e+152i | 3   | 0    | 0.000  | 0.000 |
| ABZ401       | 1   | 0    | 0.000  | 0.000 |
| ABZ147       | 3   | 1    | 0.000  | 0.000 |
| ABZ575       | 4   | 4    | 0.000  | 0.000 |
| ABZ440       | 0   | 0    | 0.000  | 0.000 |
| ABZ6         | 0   | 0    | 0.000  | 0.000 |
| ABZ570       | 1   | 0    | 0.000  | 0.000 |
| ABZ134       | 2   | 0    | 0.000  | 0.000 |
| ABZ465       | 3   | 1    | 0.000  | 0.000 |
| ABZ230       | 2   | 2    | 0.000  | 0.000 |
| ABZ306       | 3   | 3    | 0.000  | 0.000 |
| ABZ148       | 3   | 0    | 0.000  | 0.000 |
| ABZ339       | 8   | 0    | 0.000  | 0.000 |
| ABZ397       | 0   | 0    | 0.000  | 0.000 |
| ABZ472       | 4   | 0    | 0.000  | 0.000 |
| ABZ412       | 1   | 0    | 0.000  | 0.000 |
| ABZ441       | 0   | 0    | 0.000  | 0.000 |
| ABZ104       | 4   | 0    | 0.000  | 0.000 |
| ABZ595       | 4   | 1    | 0.000  | 0.000 |
| ABZ455       | 0   | 0    | 0.000  | 0.000 |
| ABZ298       | 0   | 0    | 0.000  | 0.000 |
| ABZ313       | 0   | 0    | 0.000  | 0.000 |
| ABZ62        | 1   | 0    | 0.000  | 0.000 |
| ABZ101       | 0   | 0    | 0.000  | 0.000 |
| ABZ393       | 2   | 0    | 0.000  | 0.000 |
| ABZ483       | 1   | 0    | 0.000  | 0.000 |
| ABZ471       | 7   | 0    | 0.000  | 0.000 |
| ABZ87        | 0   | 1    | 0.000  | 0.000 |
| ABZ111       | 4   | 13   | 0.000  | 0.000 |
| ABZ538       | 4   | 9    | 0.000  | 0.000 |
| ABZ468       | 5   | 0    | 0.000  | 0.000 |
| ABZ138       | 0   | 0    | 0.000  | 0.000 |
| ABZ565       | 0   | 15   | 0.000  | 0.000 |
| ABZ152       | 0   | 0    | 0.000  | 0.000 |
| ABZ406       | 0   | 0    | 0.000  | 0.000 |
| ABZ72        | 2   | 0    | 0.000  | 0.000 |
| ABZ205       | 2   | 23   | 0.000  | 0.000 |
| ABZ126       | 4   | 0    | 0.000  | 0.000 |
| ABZ2         | 9   | 0    | 0.000  | 0.000 |
| ABZ50        | 3   | 0    | 0.000  | 0.000 |
| ABZ94        | 0   | 47   | 0.000  | 0.000 |
| ABZ529       | 0   | 260  | 0.000  | 0.000 |
| ABZ307       | 0   | 0    | 0.000  | 0.000 |
| ABZ143       | 1   | 4    | 0.000  | 0.000 |
| ABZ124       | 1   | 15   | 0.000  | 0.000 |
| ABZ164       | 3   | 0    | 0.000  | 0.000 |
| ABZ559       | 0   | 1    | 0.000  | 0.000 |
| ABZ437       | 2   | 0    | 0.000  | 0.000 |
| ABZ9         | 0   | 27   | 0.000  | 0.000 |
| ABZ398       | 1   | 0    | 0.000  | 0.000 |
| ABZ131       | 0   | 0    | 0.000  | 0.000 |
| ABZ10        | 3   | 0    | 0.000  | 0.000 |
| ABZ332       | 1   | 0    | 0.000  | 0.000 |
| ABZ191       | 4   | 4    | 0.000  | 0.000 |
| ABZ195       | 0   | 0    | 0.000  | 0.000 |
| ABZ56        | 3   | 1    | 0.000  | 0.000 |
| ABZ215       | 0   | 0    | 0.000  | 0.000 |
| ABZ481       | 0   | 0    | 0.000  | 0.000 |
| ABZ170       | 0   | 0    | 0.000  | 0.000 |
| ABZ209       | 0   | 0    | 0.000  | 0.000 |
| ABZ433       | 0   | 0    | 0.000  | 0.000 |
| ABZ297       | 0   | 0    | 0.000  | 0.000 |
| ABZ57        | 1   | 0    | 0.000  | 0.000 |
| ABZ374       | 0   | 29   | 0.000  | 0.000 |
| ABZ309       | 0   | 0    | 0.000  | 0.000 |
| ABZ105       | 0   | 6    | 0.000  | 0.000 |
| ABZ470       | 3   | 52   | 0.000  | 0.000 |
| ABZ598a      | 5   | 1    | 0.000  | 0.000 |
| ABZ233       | 0   | 0    | 0.000  | 0.000 |
| ABZ564       | 0   | 0    | 0.000  | 0.000 |
| ABZ280       | 0   | 0    | 0.000  | 0.000 |
| ABZ106       | 0   | 0    | 0.000  | 0.000 |
| ABZ420       | 0   | 0    | 0.000  | 0.000 |
| ABZ556       | 0   | 58   | 0.000  | 0.000 |
| ABZ446       | 0   | 0    | 0.000  | 0.000 |
| ABZ346       | 2   | 0    | 0.000  | 0.000 |
| ABZ321       | 1   | 1    | 0.000  | 0.000 |
| ABZ337       | 1   | 0    | 0.000  | 0.000 |
| ABZ350       | 0   | 0    | 0.000  | 0.000 |
| ABZ88        | 0   | 2    | 0.000  | 0.000 |
| ABZ81        | 0   | 0    | 0.000  | 0.000 |
| ABZ574       | 1   | 1    | 0.000  | 0.000 |
| ABZ123       | 0   | 0    | 0.000  | 0.000 |
| ABZ456       | 0   | 0    | 0.000  | 0.000 |
| ABZ355       | 1   | 0    | 0.000  | 0.000 |
| ABZ375       | 0   | 9    | 0.000  | 0.000 |
| ABZ459       | 0   | 0    | 0.000  | 0.000 |
| ABZ129a      | 0   | 0    | 0.000  | 0.000 |
| ABZ133       | 0   | 0    | 0.000  | 0.000 |
| ABZ592       | 0   | 0    | 0.000  | 0.000 |
| ABZ435       | 0   | 1    | 0.000  | 0.000 |
| ABZ362       | 1   | 14   | 0.000  | 0.000 |
| ABZ557       | 1   | 0    | 0.000  | 0.000 |
| ABZ166       | 4   | 0    | 0.000  | 0.000 |
| ABZ130       | 0   | 10   | 0.000  | 0.000 |
| ABZ469       | 0   | 0    | 0.000  | 0.000 |
| NoABZ2174    | 0   | 0    | 0.000  | 0.000 |
| ABZ515       | 0   | 4    | 0.000  | 0.000 |
+--------------+-----+------+--------+-------+
| mAP          |     |      |        | 0.001 |
+--------------+-----+------+--------+-------+
